{"C:\\Users\\ivans\\OneDrive\\Desktop\\mySocial\\client\\src\\App.tsx": {"path":"C:\\Users\\ivans\\OneDrive\\Desktop\\mySocial\\client\\src\\App.tsx","statementMap":{"0":{"start":{"line":1,"column":0},"end":{"line":1,"column":42}},"1":{"start":{"line":2,"column":0},"end":{"line":2,"column":40}},"2":{"start":{"line":5,"column":12},"end":{"line":11,"column":1}},"3":{"start":{"line":6,"column":2},"end":{"line":10,"column":null}},"4":{"start":{"line":13,"column":0},"end":{"line":13,"column":null}}},"fnMap":{"0":{"name":"(anonymous_0)","decl":{"start":{"line":5,"column":12},"end":{"line":5,"column":15}},"loc":{"start":{"line":5,"column":17},"end":{"line":11,"column":1}}}},"branchMap":{},"s":{"0":0,"1":0,"2":0,"3":0,"4":0},"f":{"0":0},"b":{}}
,"C:\\Users\\ivans\\OneDrive\\Desktop\\mySocial\\client\\src\\main.tsx": {"path":"C:\\Users\\ivans\\OneDrive\\Desktop\\mySocial\\client\\src\\main.tsx","statementMap":{"0":{"start":{"line":2,"column":0},"end":{"line":2,"column":45}},"1":{"start":{"line":3,"column":0},"end":{"line":3,"column":38}},"2":{"start":{"line":4,"column":0},"end":{"line":4,"column":50}},"3":{"start":{"line":6,"column":0},"end":{"line":6,"column":35}},"4":{"start":{"line":7,"column":0},"end":{"line":7,"column":20}},"5":{"start":{"line":8,"column":0},"end":{"line":8,"column":32}},"6":{"start":{"line":10,"column":18},"end":{"line":10,"column":49}},"7":{"start":{"line":12,"column":0},"end":{"line":26,"column":1}},"8":{"start":{"line":13,"column":15},"end":{"line":13,"column":36}},"9":{"start":{"line":15,"column":2},"end":{"line":21,"column":null}},"10":{"start":{"line":23,"column":2},"end":{"line":25,"column":null}}},"fnMap":{},"branchMap":{"0":{"loc":{"start":{"line":12,"column":0},"end":{"line":26,"column":1}},"type":"if","locations":[{"start":{"line":12,"column":0},"end":{"line":26,"column":1}},{"start":{"line":22,"column":7},"end":{"line":26,"column":1}}]}},"s":{"0":0,"1":0,"2":0,"3":0,"4":0,"5":0,"6":0,"7":0,"8":0,"9":0,"10":0},"f":{},"b":{"0":[0,0]}}
,"C:\\Users\\ivans\\OneDrive\\Desktop\\mySocial\\client\\src\\Router\\ProtectedRoute.tsx": {"path":"C:\\Users\\ivans\\OneDrive\\Desktop\\mySocial\\client\\src\\Router\\ProtectedRoute.tsx","statementMap":{"0":{"start":{"line":2,"column":0},"end":{"line":2,"column":43}},"1":{"start":{"line":3,"column":0},"end":{"line":3,"column":41}},"2":{"start":{"line":4,"column":0},"end":{"line":4,"column":79}},"3":{"start":{"line":12,"column":54},"end":{"line":27,"column":1}},"4":{"start":{"line":17,"column":22},"end":{"line":17,"column":48}},"5":{"start":{"line":18,"column":17},"end":{"line":18,"column":49}},"6":{"start":{"line":20,"column":4},"end":{"line":22,"column":15}},"7":{"start":{"line":24,"column":2},"end":{"line":25,"column":null}},"8":{"start":{"line":25,"column":4},"end":{"line":25,"column":null}},"9":{"start":{"line":26,"column":2},"end":{"line":26,"column":null}},"10":{"start":{"line":29,"column":0},"end":{"line":29,"column":null}}},"fnMap":{"0":{"name":"(anonymous_0)","decl":{"start":{"line":12,"column":54},"end":{"line":12,"column":55}},"loc":{"start":{"line":16,"column":5},"end":{"line":27,"column":1}}}},"branchMap":{"0":{"loc":{"start":{"line":15,"column":2},"end":{"line":15,"column":18}},"type":"default-arg","locations":[{"start":{"line":15,"column":15},"end":{"line":15,"column":18}}]},"1":{"loc":{"start":{"line":20,"column":4},"end":{"line":22,"column":15}},"type":"cond-expr","locations":[{"start":{"line":21,"column":9},"end":{"line":21,"column":36}},{"start":{"line":22,"column":8},"end":{"line":22,"column":15}}]},"2":{"loc":{"start":{"line":20,"column":4},"end":{"line":20,"column":40}},"type":"binary-expr","locations":[{"start":{"line":20,"column":4},"end":{"line":20,"column":15}},{"start":{"line":20,"column":19},"end":{"line":20,"column":40}}]},"3":{"loc":{"start":{"line":24,"column":2},"end":{"line":25,"column":null}},"type":"if","locations":[{"start":{"line":24,"column":2},"end":{"line":25,"column":null}}]},"4":{"loc":{"start":{"line":24,"column":29},"end":{"line":24,"column":51}},"type":"cond-expr","locations":[{"start":{"line":24,"column":38},"end":{"line":24,"column":44}},{"start":{"line":24,"column":47},"end":{"line":24,"column":51}}]}},"s":{"0":0,"1":0,"2":0,"3":0,"4":0,"5":0,"6":0,"7":0,"8":0,"9":0,"10":0},"f":{"0":0},"b":{"0":[0],"1":[0,0],"2":[0,0],"3":[0],"4":[0,0]}}
,"C:\\Users\\ivans\\OneDrive\\Desktop\\mySocial\\client\\src\\Router\\RootPage.tsx": {"path":"C:\\Users\\ivans\\OneDrive\\Desktop\\mySocial\\client\\src\\Router\\RootPage.tsx","statementMap":{"0":{"start":{"line":1,"column":0},"end":{"line":1,"column":41}},"1":{"start":{"line":2,"column":0},"end":{"line":2,"column":61}},"2":{"start":{"line":3,"column":0},"end":{"line":3,"column":41}},"3":{"start":{"line":4,"column":0},"end":{"line":4,"column":44}},"4":{"start":{"line":5,"column":0},"end":{"line":5,"column":36}},"5":{"start":{"line":6,"column":0},"end":{"line":6,"column":58}},"6":{"start":{"line":7,"column":0},"end":{"line":7,"column":53}},"7":{"start":{"line":8,"column":0},"end":{"line":8,"column":56}},"8":{"start":{"line":10,"column":17},"end":{"line":28,"column":1}},"9":{"start":{"line":11,"column":24},"end":{"line":11,"column":45}},"10":{"start":{"line":13,"column":2},"end":{"line":13,"column":null}},"11":{"start":{"line":14,"column":2},"end":{"line":14,"column":null}},"12":{"start":{"line":15,"column":2},"end":{"line":15,"column":null}},"13":{"start":{"line":17,"column":2},"end":{"line":19,"column":3}},"14":{"start":{"line":18,"column":4},"end":{"line":18,"column":null}},"15":{"start":{"line":21,"column":2},"end":{"line":27,"column":null}},"16":{"start":{"line":30,"column":0},"end":{"line":30,"column":null}}},"fnMap":{"0":{"name":"(anonymous_0)","decl":{"start":{"line":10,"column":17},"end":{"line":10,"column":20}},"loc":{"start":{"line":10,"column":22},"end":{"line":28,"column":1}}}},"branchMap":{"0":{"loc":{"start":{"line":17,"column":2},"end":{"line":19,"column":3}},"type":"if","locations":[{"start":{"line":17,"column":2},"end":{"line":19,"column":3}}]}},"s":{"0":0,"1":0,"2":0,"3":0,"4":0,"5":0,"6":0,"7":0,"8":0,"9":0,"10":0,"11":0,"12":0,"13":0,"14":0,"15":0,"16":0},"f":{"0":0},"b":{"0":[0]}}
,"C:\\Users\\ivans\\OneDrive\\Desktop\\mySocial\\client\\src\\Router\\index.tsx": {"path":"C:\\Users\\ivans\\OneDrive\\Desktop\\mySocial\\client\\src\\Router\\index.tsx","statementMap":{"0":{"start":{"line":1,"column":0},"end":{"line":1,"column":70}},"1":{"start":{"line":2,"column":0},"end":{"line":2,"column":33}},"2":{"start":{"line":4,"column":15},"end":{"line":4,"column":42}},"3":{"start":{"line":6,"column":18},"end":{"line":6,"column":58}},"4":{"start":{"line":6,"column":24},"end":{"line":6,"column":58}},"5":{"start":{"line":8,"column":0},"end":{"line":8,"column":null}}},"fnMap":{"0":{"name":"(anonymous_0)","decl":{"start":{"line":6,"column":18},"end":{"line":6,"column":21}},"loc":{"start":{"line":6,"column":24},"end":{"line":6,"column":58}}}},"branchMap":{},"s":{"0":0,"1":0,"2":0,"3":0,"4":0,"5":0},"f":{"0":0},"b":{}}
,"C:\\Users\\ivans\\OneDrive\\Desktop\\mySocial\\client\\src\\Router\\routes.tsx": {"path":"C:\\Users\\ivans\\OneDrive\\Desktop\\mySocial\\client\\src\\Router\\routes.tsx","statementMap":{"0":{"start":{"line":1,"column":0},"end":{"line":1,"column":37}},"1":{"start":{"line":2,"column":0},"end":{"line":2,"column":null}},"2":{"start":{"line":11,"column":0},"end":{"line":11,"column":58}},"3":{"start":{"line":12,"column":0},"end":{"line":12,"column":45}},"4":{"start":{"line":13,"column":0},"end":{"line":13,"column":33}},"5":{"start":{"line":15,"column":13},"end":{"line":101,"column":null}}},"fnMap":{},"branchMap":{},"s":{"0":0,"1":0,"2":0,"3":0,"4":0,"5":0},"f":{},"b":{}}
,"C:\\Users\\ivans\\OneDrive\\Desktop\\mySocial\\client\\src\\app\\hooks.ts": {"path":"C:\\Users\\ivans\\OneDrive\\Desktop\\mySocial\\client\\src\\app\\hooks.ts","statementMap":{"0":{"start":{"line":7,"column":0},"end":{"line":7,"column":54}},"1":{"start":{"line":11,"column":13},"end":{"line":11,"column":null}},"2":{"start":{"line":12,"column":13},"end":{"line":12,"column":null}}},"fnMap":{},"branchMap":{},"s":{"0":0,"1":0,"2":0},"f":{},"b":{}}
,"C:\\Users\\ivans\\OneDrive\\Desktop\\mySocial\\client\\src\\app\\store.ts": {"path":"C:\\Users\\ivans\\OneDrive\\Desktop\\mySocial\\client\\src\\app\\store.ts","statementMap":{"0":{"start":{"line":2,"column":0},"end":{"line":2,"column":49}},"1":{"start":{"line":3,"column":0},"end":{"line":3,"column":42}},"2":{"start":{"line":4,"column":0},"end":{"line":4,"column":36}},"3":{"start":{"line":5,"column":0},"end":{"line":5,"column":49}},"4":{"start":{"line":6,"column":0},"end":{"line":6,"column":58}},"5":{"start":{"line":8,"column":13},"end":{"line":23,"column":null}},"6":{"start":{"line":15,"column":40},"end":{"line":22,"column":27}}},"fnMap":{"0":{"name":"(anonymous_0)","decl":{"start":{"line":15,"column":14},"end":{"line":15,"column":15}},"loc":{"start":{"line":15,"column":40},"end":{"line":22,"column":27}}}},"branchMap":{},"s":{"0":0,"1":0,"2":0,"3":0,"4":0,"5":0,"6":0},"f":{"0":0},"b":{}}
,"C:\\Users\\ivans\\OneDrive\\Desktop\\mySocial\\client\\src\\app\\selects\\notificationSelects.ts": {"path":"C:\\Users\\ivans\\OneDrive\\Desktop\\mySocial\\client\\src\\app\\selects\\notificationSelects.ts","statementMap":{"0":{"start":{"line":3,"column":40},"end":{"line":3,"column":87}},"1":{"start":{"line":3,"column":62},"end":{"line":3,"column":87}},"2":{"start":{"line":3,"column":13},"end":{"line":3,"column":40}},"3":{"start":{"line":4,"column":41},"end":{"line":4,"column":89}},"4":{"start":{"line":4,"column":63},"end":{"line":4,"column":89}},"5":{"start":{"line":4,"column":13},"end":{"line":4,"column":41}},"6":{"start":{"line":5,"column":38},"end":{"line":5,"column":83}},"7":{"start":{"line":5,"column":60},"end":{"line":5,"column":83}},"8":{"start":{"line":5,"column":13},"end":{"line":5,"column":38}}},"fnMap":{"0":{"name":"(anonymous_0)","decl":{"start":{"line":3,"column":40},"end":{"line":3,"column":41}},"loc":{"start":{"line":3,"column":62},"end":{"line":3,"column":87}}},"1":{"name":"(anonymous_1)","decl":{"start":{"line":4,"column":41},"end":{"line":4,"column":42}},"loc":{"start":{"line":4,"column":63},"end":{"line":4,"column":89}}},"2":{"name":"(anonymous_2)","decl":{"start":{"line":5,"column":38},"end":{"line":5,"column":39}},"loc":{"start":{"line":5,"column":60},"end":{"line":5,"column":83}}}},"branchMap":{},"s":{"0":0,"1":0,"2":0,"3":0,"4":0,"5":0,"6":0,"7":0,"8":0},"f":{"0":0,"1":0,"2":0},"b":{}}
,"C:\\Users\\ivans\\OneDrive\\Desktop\\mySocial\\client\\src\\app\\selects\\socketSelects.ts": {"path":"C:\\Users\\ivans\\OneDrive\\Desktop\\mySocial\\client\\src\\app\\selects\\socketSelects.ts","statementMap":{"0":{"start":{"line":3,"column":28},"end":{"line":3,"column":69}},"1":{"start":{"line":3,"column":50},"end":{"line":3,"column":69}},"2":{"start":{"line":3,"column":13},"end":{"line":3,"column":28}}},"fnMap":{"0":{"name":"(anonymous_0)","decl":{"start":{"line":3,"column":28},"end":{"line":3,"column":29}},"loc":{"start":{"line":3,"column":50},"end":{"line":3,"column":69}}}},"branchMap":{},"s":{"0":0,"1":0,"2":0},"f":{"0":0},"b":{}}
,"C:\\Users\\ivans\\OneDrive\\Desktop\\mySocial\\client\\src\\app\\selects\\userSelects.ts": {"path":"C:\\Users\\ivans\\OneDrive\\Desktop\\mySocial\\client\\src\\app\\selects\\userSelects.ts","statementMap":{"0":{"start":{"line":3,"column":35},"end":{"line":3,"column":83}},"1":{"start":{"line":3,"column":57},"end":{"line":3,"column":83}},"2":{"start":{"line":3,"column":13},"end":{"line":3,"column":35}},"3":{"start":{"line":4,"column":29},"end":{"line":4,"column":69}},"4":{"start":{"line":4,"column":51},"end":{"line":4,"column":69}},"5":{"start":{"line":4,"column":13},"end":{"line":4,"column":29}},"6":{"start":{"line":5,"column":26},"end":{"line":5,"column":63}},"7":{"start":{"line":5,"column":48},"end":{"line":5,"column":63}},"8":{"start":{"line":5,"column":13},"end":{"line":5,"column":26}},"9":{"start":{"line":6,"column":41},"end":{"line":6,"column":93}},"10":{"start":{"line":6,"column":63},"end":{"line":6,"column":93}},"11":{"start":{"line":6,"column":13},"end":{"line":6,"column":41}}},"fnMap":{"0":{"name":"(anonymous_0)","decl":{"start":{"line":3,"column":35},"end":{"line":3,"column":36}},"loc":{"start":{"line":3,"column":57},"end":{"line":3,"column":83}}},"1":{"name":"(anonymous_1)","decl":{"start":{"line":4,"column":29},"end":{"line":4,"column":30}},"loc":{"start":{"line":4,"column":51},"end":{"line":4,"column":69}}},"2":{"name":"(anonymous_2)","decl":{"start":{"line":5,"column":26},"end":{"line":5,"column":27}},"loc":{"start":{"line":5,"column":48},"end":{"line":5,"column":63}}},"3":{"name":"(anonymous_3)","decl":{"start":{"line":6,"column":41},"end":{"line":6,"column":42}},"loc":{"start":{"line":6,"column":63},"end":{"line":6,"column":93}}}},"branchMap":{},"s":{"0":9,"1":40,"2":9,"3":9,"4":40,"5":9,"6":9,"7":0,"8":9,"9":9,"10":0,"11":9},"f":{"0":40,"1":40,"2":0,"3":0},"b":{}}
,"C:\\Users\\ivans\\OneDrive\\Desktop\\mySocial\\client\\src\\app\\services\\api.ts": {"path":"C:\\Users\\ivans\\OneDrive\\Desktop\\mySocial\\client\\src\\app\\services\\api.ts","statementMap":{"0":{"start":{"line":1,"column":0},"end":{"line":1,"column":80}},"1":{"start":{"line":2,"column":0},"end":{"line":2,"column":43}},"2":{"start":{"line":5,"column":18},"end":{"line":8,"column":2}},"3":{"start":{"line":10,"column":27},"end":{"line":10,"column":60}},"4":{"start":{"line":12,"column":13},"end":{"line":17,"column":null}},"5":{"start":{"line":16,"column":20},"end":{"line":16,"column":22}}},"fnMap":{"0":{"name":"(anonymous_0)","decl":{"start":{"line":16,"column":13},"end":{"line":16,"column":16}},"loc":{"start":{"line":16,"column":20},"end":{"line":16,"column":22}}}},"branchMap":{},"s":{"0":9,"1":9,"2":9,"3":9,"4":9,"5":9},"f":{"0":9},"b":{}}
,"C:\\Users\\ivans\\OneDrive\\Desktop\\mySocial\\client\\src\\app\\services\\commentsApi.ts": {"path":"C:\\Users\\ivans\\OneDrive\\Desktop\\mySocial\\client\\src\\app\\services\\commentsApi.ts","statementMap":{"0":{"start":{"line":2,"column":0},"end":{"line":2,"column":28}},"1":{"start":{"line":5,"column":13},"end":{"line":21,"column":null}},"2":{"start":{"line":6,"column":27},"end":{"line":20,"column":4}},"3":{"start":{"line":8,"column":31},"end":{"line":12,"column":8}},"4":{"start":{"line":15,"column":26},"end":{"line":18,"column":8}},"5":{"start":{"line":23,"column":15},"end":{"line":23,"column":null}},"6":{"start":{"line":24,"column":15},"end":{"line":24,"column":58}}},"fnMap":{"0":{"name":"(anonymous_0)","decl":{"start":{"line":6,"column":13},"end":{"line":6,"column":14}},"loc":{"start":{"line":6,"column":27},"end":{"line":20,"column":4}}},"1":{"name":"(anonymous_1)","decl":{"start":{"line":8,"column":13},"end":{"line":8,"column":14}},"loc":{"start":{"line":8,"column":31},"end":{"line":12,"column":8}}},"2":{"name":"(anonymous_2)","decl":{"start":{"line":15,"column":13},"end":{"line":15,"column":14}},"loc":{"start":{"line":15,"column":26},"end":{"line":18,"column":8}}}},"branchMap":{},"s":{"0":6,"1":6,"2":6,"3":0,"4":0,"5":6,"6":6},"f":{"0":6,"1":0,"2":0},"b":{}}
,"C:\\Users\\ivans\\OneDrive\\Desktop\\mySocial\\client\\src\\app\\services\\followApi.ts": {"path":"C:\\Users\\ivans\\OneDrive\\Desktop\\mySocial\\client\\src\\app\\services\\followApi.ts","statementMap":{"0":{"start":{"line":2,"column":0},"end":{"line":2,"column":28}},"1":{"start":{"line":5,"column":13},"end":{"line":21,"column":null}},"2":{"start":{"line":6,"column":27},"end":{"line":20,"column":4}},"3":{"start":{"line":8,"column":31},"end":{"line":12,"column":8}},"4":{"start":{"line":15,"column":35},"end":{"line":18,"column":8}},"5":{"start":{"line":24,"column":15},"end":{"line":24,"column":null}},"6":{"start":{"line":25,"column":15},"end":{"line":25,"column":46}}},"fnMap":{"0":{"name":"(anonymous_0)","decl":{"start":{"line":6,"column":13},"end":{"line":6,"column":14}},"loc":{"start":{"line":6,"column":27},"end":{"line":20,"column":4}}},"1":{"name":"(anonymous_1)","decl":{"start":{"line":8,"column":13},"end":{"line":8,"column":14}},"loc":{"start":{"line":8,"column":31},"end":{"line":12,"column":8}}},"2":{"name":"(anonymous_2)","decl":{"start":{"line":15,"column":13},"end":{"line":15,"column":14}},"loc":{"start":{"line":15,"column":35},"end":{"line":18,"column":8}}}},"branchMap":{},"s":{"0":6,"1":6,"2":6,"3":0,"4":0,"5":6,"6":6},"f":{"0":6,"1":0,"2":0},"b":{}}
,"C:\\Users\\ivans\\OneDrive\\Desktop\\mySocial\\client\\src\\app\\services\\likesApi.ts": {"path":"C:\\Users\\ivans\\OneDrive\\Desktop\\mySocial\\client\\src\\app\\services\\likesApi.ts","statementMap":{"0":{"start":{"line":2,"column":0},"end":{"line":2,"column":28}},"1":{"start":{"line":5,"column":13},"end":{"line":21,"column":null}},"2":{"start":{"line":6,"column":27},"end":{"line":20,"column":4}},"3":{"start":{"line":8,"column":28},"end":{"line":12,"column":8}},"4":{"start":{"line":15,"column":30},"end":{"line":18,"column":8}},"5":{"start":{"line":23,"column":15},"end":{"line":23,"column":null}}},"fnMap":{"0":{"name":"(anonymous_0)","decl":{"start":{"line":6,"column":13},"end":{"line":6,"column":14}},"loc":{"start":{"line":6,"column":27},"end":{"line":20,"column":4}}},"1":{"name":"(anonymous_1)","decl":{"start":{"line":8,"column":13},"end":{"line":8,"column":14}},"loc":{"start":{"line":8,"column":28},"end":{"line":12,"column":8}}},"2":{"name":"(anonymous_2)","decl":{"start":{"line":15,"column":13},"end":{"line":15,"column":14}},"loc":{"start":{"line":15,"column":30},"end":{"line":18,"column":8}}}},"branchMap":{},"s":{"0":4,"1":4,"2":4,"3":0,"4":0,"5":4},"f":{"0":4,"1":0,"2":0},"b":{}}
,"C:\\Users\\ivans\\OneDrive\\Desktop\\mySocial\\client\\src\\app\\services\\messagesApi.ts": {"path":"C:\\Users\\ivans\\OneDrive\\Desktop\\mySocial\\client\\src\\app\\services\\messagesApi.ts","statementMap":{"0":{"start":{"line":4,"column":0},"end":{"line":4,"column":27}},"1":{"start":{"line":6,"column":13},"end":{"line":42,"column":null}},"2":{"start":{"line":7,"column":27},"end":{"line":41,"column":4}},"3":{"start":{"line":9,"column":43},"end":{"line":13,"column":8}},"4":{"start":{"line":16,"column":20},"end":{"line":19,"column":8}},"5":{"start":{"line":22,"column":38},"end":{"line":25,"column":8}},"6":{"start":{"line":29,"column":26},"end":{"line":32,"column":8}},"7":{"start":{"line":36,"column":26},"end":{"line":39,"column":8}},"8":{"start":{"line":44,"column":15},"end":{"line":44,"column":null}},"9":{"start":{"line":45,"column":15},"end":{"line":45,"column":97}}},"fnMap":{"0":{"name":"(anonymous_0)","decl":{"start":{"line":7,"column":13},"end":{"line":7,"column":14}},"loc":{"start":{"line":7,"column":27},"end":{"line":41,"column":4}}},"1":{"name":"(anonymous_1)","decl":{"start":{"line":9,"column":13},"end":{"line":9,"column":14}},"loc":{"start":{"line":9,"column":43},"end":{"line":13,"column":8}}},"2":{"name":"(anonymous_2)","decl":{"start":{"line":16,"column":13},"end":{"line":16,"column":16}},"loc":{"start":{"line":16,"column":20},"end":{"line":19,"column":8}}},"3":{"name":"(anonymous_3)","decl":{"start":{"line":22,"column":13},"end":{"line":22,"column":14}},"loc":{"start":{"line":22,"column":38},"end":{"line":25,"column":8}}},"4":{"name":"(anonymous_4)","decl":{"start":{"line":29,"column":13},"end":{"line":29,"column":14}},"loc":{"start":{"line":29,"column":26},"end":{"line":32,"column":8}}},"5":{"name":"(anonymous_5)","decl":{"start":{"line":36,"column":13},"end":{"line":36,"column":14}},"loc":{"start":{"line":36,"column":26},"end":{"line":39,"column":8}}}},"branchMap":{},"s":{"0":6,"1":6,"2":6,"3":0,"4":0,"5":0,"6":0,"7":0,"8":6,"9":6},"f":{"0":6,"1":0,"2":0,"3":0,"4":0,"5":0},"b":{}}
,"C:\\Users\\ivans\\OneDrive\\Desktop\\mySocial\\client\\src\\app\\services\\postsApi.ts": {"path":"C:\\Users\\ivans\\OneDrive\\Desktop\\mySocial\\client\\src\\app\\services\\postsApi.ts","statementMap":{"0":{"start":{"line":2,"column":0},"end":{"line":2,"column":28}},"1":{"start":{"line":5,"column":13},"end":{"line":38,"column":null}},"2":{"start":{"line":6,"column":27},"end":{"line":37,"column":4}},"3":{"start":{"line":9,"column":28},"end":{"line":13,"column":8}},"4":{"start":{"line":17,"column":20},"end":{"line":20,"column":8}},"5":{"start":{"line":24,"column":26},"end":{"line":27,"column":8}},"6":{"start":{"line":31,"column":26},"end":{"line":34,"column":8}},"7":{"start":{"line":40,"column":15},"end":{"line":40,"column":null}},"8":{"start":{"line":41,"column":15},"end":{"line":41,"column":78}}},"fnMap":{"0":{"name":"(anonymous_0)","decl":{"start":{"line":6,"column":13},"end":{"line":6,"column":14}},"loc":{"start":{"line":6,"column":27},"end":{"line":37,"column":4}}},"1":{"name":"(anonymous_1)","decl":{"start":{"line":9,"column":13},"end":{"line":9,"column":14}},"loc":{"start":{"line":9,"column":28},"end":{"line":13,"column":8}}},"2":{"name":"(anonymous_2)","decl":{"start":{"line":17,"column":13},"end":{"line":17,"column":16}},"loc":{"start":{"line":17,"column":20},"end":{"line":20,"column":8}}},"3":{"name":"(anonymous_3)","decl":{"start":{"line":24,"column":13},"end":{"line":24,"column":14}},"loc":{"start":{"line":24,"column":26},"end":{"line":27,"column":8}}},"4":{"name":"(anonymous_4)","decl":{"start":{"line":31,"column":13},"end":{"line":31,"column":14}},"loc":{"start":{"line":31,"column":26},"end":{"line":34,"column":8}}}},"branchMap":{},"s":{"0":6,"1":6,"2":6,"3":0,"4":0,"5":0,"6":0,"7":6,"8":6},"f":{"0":6,"1":0,"2":0,"3":0,"4":0},"b":{}}
,"C:\\Users\\ivans\\OneDrive\\Desktop\\mySocial\\client\\src\\app\\services\\userApi.ts": {"path":"C:\\Users\\ivans\\OneDrive\\Desktop\\mySocial\\client\\src\\app\\services\\userApi.ts","statementMap":{"0":{"start":{"line":2,"column":0},"end":{"line":2,"column":28}},"1":{"start":{"line":5,"column":13},"end":{"line":51,"column":null}},"2":{"start":{"line":6,"column":27},"end":{"line":50,"column":4}},"3":{"start":{"line":11,"column":28},"end":{"line":15,"column":8}},"4":{"start":{"line":18,"column":28},"end":{"line":22,"column":8}},"5":{"start":{"line":25,"column":20},"end":{"line":28,"column":8}},"6":{"start":{"line":31,"column":26},"end":{"line":34,"column":8}},"7":{"start":{"line":37,"column":36},"end":{"line":41,"column":8}},"8":{"start":{"line":45,"column":20},"end":{"line":48,"column":8}},"9":{"start":{"line":53,"column":15},"end":{"line":53,"column":null}},"10":{"start":{"line":54,"column":15},"end":{"line":54,"column":83}}},"fnMap":{"0":{"name":"(anonymous_0)","decl":{"start":{"line":6,"column":13},"end":{"line":6,"column":14}},"loc":{"start":{"line":6,"column":27},"end":{"line":50,"column":4}}},"1":{"name":"(anonymous_1)","decl":{"start":{"line":11,"column":13},"end":{"line":11,"column":14}},"loc":{"start":{"line":11,"column":28},"end":{"line":15,"column":8}}},"2":{"name":"(anonymous_2)","decl":{"start":{"line":18,"column":13},"end":{"line":18,"column":14}},"loc":{"start":{"line":18,"column":28},"end":{"line":22,"column":8}}},"3":{"name":"(anonymous_3)","decl":{"start":{"line":25,"column":13},"end":{"line":25,"column":16}},"loc":{"start":{"line":25,"column":20},"end":{"line":28,"column":8}}},"4":{"name":"(anonymous_4)","decl":{"start":{"line":31,"column":13},"end":{"line":31,"column":14}},"loc":{"start":{"line":31,"column":26},"end":{"line":34,"column":8}}},"5":{"name":"(anonymous_5)","decl":{"start":{"line":37,"column":13},"end":{"line":37,"column":14}},"loc":{"start":{"line":37,"column":36},"end":{"line":41,"column":8}}},"6":{"name":"(anonymous_6)","decl":{"start":{"line":45,"column":13},"end":{"line":45,"column":16}},"loc":{"start":{"line":45,"column":20},"end":{"line":48,"column":8}}}},"branchMap":{},"s":{"0":6,"1":6,"2":6,"3":0,"4":0,"5":0,"6":0,"7":0,"8":0,"9":6,"10":6},"f":{"0":6,"1":0,"2":0,"3":0,"4":0,"5":0,"6":0},"b":{}}
,"C:\\Users\\ivans\\OneDrive\\Desktop\\mySocial\\client\\src\\app\\slices\\notificationSlice.ts": {"path":"C:\\Users\\ivans\\OneDrive\\Desktop\\mySocial\\client\\src\\app\\slices\\notificationSlice.ts","statementMap":{"0":{"start":{"line":1,"column":0},"end":{"line":1,"column":62}},"1":{"start":{"line":13,"column":40},"end":{"line":18,"column":null}},"2":{"start":{"line":21,"column":26},"end":{"line":37,"column":2}},"3":{"start":{"line":26,"column":6},"end":{"line":26,"column":87}},"4":{"start":{"line":27,"column":6},"end":{"line":27,"column":26}},"5":{"start":{"line":28,"column":6},"end":{"line":28,"column":null}},"6":{"start":{"line":32,"column":6},"end":{"line":32,"column":49}},"7":{"start":{"line":33,"column":6},"end":{"line":33,"column":27}},"8":{"start":{"line":34,"column":6},"end":{"line":34,"column":null}},"9":{"start":{"line":39,"column":13},"end":{"line":39,"column":55}},"10":{"start":{"line":41,"column":0},"end":{"line":41,"column":41}}},"fnMap":{"0":{"name":"(anonymous_0)","decl":{"start":{"line":25,"column":4},"end":{"line":25,"column":20}},"loc":{"start":{"line":25,"column":109},"end":{"line":29,"column":5}}},"1":{"name":"(anonymous_1)","decl":{"start":{"line":31,"column":4},"end":{"line":31,"column":21}},"loc":{"start":{"line":31,"column":27},"end":{"line":35,"column":5}}}},"branchMap":{},"s":{"0":0,"1":0,"2":0,"3":0,"4":0,"5":0,"6":0,"7":0,"8":0,"9":0,"10":0},"f":{"0":0,"1":0},"b":{}}
,"C:\\Users\\ivans\\OneDrive\\Desktop\\mySocial\\client\\src\\app\\slices\\socketSlice.ts": {"path":"C:\\Users\\ivans\\OneDrive\\Desktop\\mySocial\\client\\src\\app\\slices\\socketSlice.ts","statementMap":{"0":{"start":{"line":1,"column":0},"end":{"line":1,"column":62}},"1":{"start":{"line":11,"column":34},"end":{"line":14,"column":2}},"2":{"start":{"line":16,"column":20},"end":{"line":33,"column":2}},"3":{"start":{"line":21,"column":6},"end":{"line":24,"column":null}},"4":{"start":{"line":27,"column":6},"end":{"line":30,"column":null}},"5":{"start":{"line":35,"column":13},"end":{"line":35,"column":45}},"6":{"start":{"line":37,"column":0},"end":{"line":37,"column":35}}},"fnMap":{"0":{"name":"(anonymous_0)","decl":{"start":{"line":20,"column":4},"end":{"line":20,"column":13}},"loc":{"start":{"line":20,"column":57},"end":{"line":25,"column":5}}},"1":{"name":"(anonymous_1)","decl":{"start":{"line":26,"column":4},"end":{"line":26,"column":18}},"loc":{"start":{"line":26,"column":60},"end":{"line":31,"column":5}}}},"branchMap":{},"s":{"0":6,"1":6,"2":6,"3":0,"4":0,"5":6,"6":6},"f":{"0":0,"1":0},"b":{}}
,"C:\\Users\\ivans\\OneDrive\\Desktop\\mySocial\\client\\src\\app\\slices\\userSlice.ts": {"path":"C:\\Users\\ivans\\OneDrive\\Desktop\\mySocial\\client\\src\\app\\slices\\userSlice.ts","statementMap":{"0":{"start":{"line":1,"column":0},"end":{"line":1,"column":47}},"1":{"start":{"line":3,"column":0},"end":{"line":3,"column":46}},"2":{"start":{"line":13,"column":36},"end":{"line":18,"column":null}},"3":{"start":{"line":20,"column":18},"end":{"line":56,"column":2}},"4":{"start":{"line":25,"column":6},"end":{"line":25,"column":24}},"5":{"start":{"line":26,"column":6},"end":{"line":26,"column":36}},"6":{"start":{"line":27,"column":6},"end":{"line":27,"column":27}},"7":{"start":{"line":28,"column":6},"end":{"line":28,"column":null}},"8":{"start":{"line":31,"column":6},"end":{"line":31,"column":null}},"9":{"start":{"line":34,"column":6},"end":{"line":34,"column":null}},"10":{"start":{"line":38,"column":4},"end":{"line":54,"column":null}},"11":{"start":{"line":40,"column":8},"end":{"line":40,"column":null}},"12":{"start":{"line":41,"column":8},"end":{"line":41,"column":null}},"13":{"start":{"line":44,"column":8},"end":{"line":44,"column":null}},"14":{"start":{"line":45,"column":8},"end":{"line":45,"column":null}},"15":{"start":{"line":48,"column":8},"end":{"line":48,"column":null}},"16":{"start":{"line":49,"column":8},"end":{"line":49,"column":null}},"17":{"start":{"line":52,"column":8},"end":{"line":52,"column":null}},"18":{"start":{"line":53,"column":8},"end":{"line":53,"column":null}},"19":{"start":{"line":58,"column":13},"end":{"line":58,"column":59}},"20":{"start":{"line":59,"column":0},"end":{"line":59,"column":null}}},"fnMap":{"0":{"name":"(anonymous_0)","decl":{"start":{"line":24,"column":12},"end":{"line":24,"column":13}},"loc":{"start":{"line":24,"column":22},"end":{"line":29,"column":5}}},"1":{"name":"(anonymous_1)","decl":{"start":{"line":30,"column":15},"end":{"line":30,"column":16}},"loc":{"start":{"line":30,"column":25},"end":{"line":32,"column":5}}},"2":{"name":"(anonymous_2)","decl":{"start":{"line":33,"column":28},"end":{"line":33,"column":29}},"loc":{"start":{"line":33,"column":82},"end":{"line":35,"column":5}}},"3":{"name":"(anonymous_3)","decl":{"start":{"line":37,"column":17},"end":{"line":37,"column":18}},"loc":{"start":{"line":37,"column":29},"end":{"line":55,"column":3}}},"4":{"name":"(anonymous_4)","decl":{"start":{"line":39,"column":58},"end":{"line":39,"column":59}},"loc":{"start":{"line":39,"column":76},"end":{"line":42,"column":7}}},"5":{"name":"(anonymous_5)","decl":{"start":{"line":43,"column":61},"end":{"line":43,"column":62}},"loc":{"start":{"line":43,"column":79},"end":{"line":46,"column":7}}},"6":{"name":"(anonymous_6)","decl":{"start":{"line":47,"column":64},"end":{"line":47,"column":65}},"loc":{"start":{"line":47,"column":82},"end":{"line":50,"column":7}}},"7":{"name":"(anonymous_7)","decl":{"start":{"line":51,"column":64},"end":{"line":51,"column":65}},"loc":{"start":{"line":51,"column":82},"end":{"line":54,"column":7}}}},"branchMap":{},"s":{"0":1,"1":1,"2":1,"3":1,"4":0,"5":0,"6":0,"7":0,"8":0,"9":0,"10":0,"11":0,"12":0,"13":0,"14":0,"15":0,"16":0,"17":0,"18":0,"19":1,"20":1},"f":{"0":0,"1":0,"2":0,"3":0,"4":0,"5":0,"6":0,"7":0},"b":{}}
,"C:\\Users\\ivans\\OneDrive\\Desktop\\mySocial\\client\\src\\components\\AddNewComment\\index.tsx": {"path":"C:\\Users\\ivans\\OneDrive\\Desktop\\mySocial\\client\\src\\components\\AddNewComment\\index.tsx","statementMap":{"0":{"start":{"line":1,"column":0},"end":{"line":1,"column":42}},"1":{"start":{"line":2,"column":0},"end":{"line":2,"column":40}},"2":{"start":{"line":3,"column":0},"end":{"line":3,"column":41}},"3":{"start":{"line":4,"column":0},"end":{"line":4,"column":37}},"4":{"start":{"line":5,"column":0},"end":{"line":5,"column":59}},"5":{"start":{"line":6,"column":0},"end":{"line":6,"column":45}},"6":{"start":{"line":12,"column":52},"end":{"line":53,"column":1}},"7":{"start":{"line":13,"column":51},"end":{"line":13,"column":69}},"8":{"start":{"line":19,"column":6},"end":{"line":25,"column":4}},"9":{"start":{"line":27,"column":19},"end":{"line":29,"column":3}},"10":{"start":{"line":28,"column":4},"end":{"line":28,"column":null}},"11":{"start":{"line":31,"column":2},"end":{"line":34,"column":null}},"12":{"start":{"line":32,"column":4},"end":{"line":32,"column":21}},"13":{"start":{"line":32,"column":15},"end":{"line":32,"column":21}},"14":{"start":{"line":33,"column":4},"end":{"line":33,"column":null}},"15":{"start":{"line":36,"column":2},"end":{"line":52,"column":null}},"16":{"start":{"line":55,"column":0},"end":{"line":55,"column":null}}},"fnMap":{"0":{"name":"(anonymous_0)","decl":{"start":{"line":12,"column":52},"end":{"line":12,"column":53}},"loc":{"start":{"line":12,"column":67},"end":{"line":53,"column":1}}},"1":{"name":"(anonymous_1)","decl":{"start":{"line":27,"column":19},"end":{"line":27,"column":20}},"loc":{"start":{"line":27,"column":49},"end":{"line":29,"column":3}}},"2":{"name":"(anonymous_2)","decl":{"start":{"line":31,"column":12},"end":{"line":31,"column":15}},"loc":{"start":{"line":31,"column":17},"end":{"line":34,"column":3}}}},"branchMap":{"0":{"loc":{"start":{"line":32,"column":4},"end":{"line":32,"column":21}},"type":"if","locations":[{"start":{"line":32,"column":4},"end":{"line":32,"column":21}}]}},"s":{"0":0,"1":0,"2":0,"3":0,"4":0,"5":0,"6":0,"7":0,"8":0,"9":0,"10":0,"11":0,"12":0,"13":0,"14":0,"15":0,"16":0},"f":{"0":0,"1":0,"2":0},"b":{"0":[0]}}
,"C:\\Users\\ivans\\OneDrive\\Desktop\\mySocial\\client\\src\\components\\AddNewPost\\index.tsx": {"path":"C:\\Users\\ivans\\OneDrive\\Desktop\\mySocial\\client\\src\\components\\AddNewPost\\index.tsx","statementMap":{"0":{"start":{"line":1,"column":0},"end":{"line":1,"column":42}},"1":{"start":{"line":2,"column":0},"end":{"line":2,"column":41}},"2":{"start":{"line":3,"column":0},"end":{"line":3,"column":53}},"3":{"start":{"line":4,"column":0},"end":{"line":4,"column":45}},"4":{"start":{"line":5,"column":0},"end":{"line":5,"column":37}},"5":{"start":{"line":6,"column":0},"end":{"line":6,"column":33}},"6":{"start":{"line":8,"column":19},"end":{"line":48,"column":1}},"7":{"start":{"line":9,"column":43},"end":{"line":9,"column":58}},"8":{"start":{"line":10,"column":43},"end":{"line":16,"column":4}},"9":{"start":{"line":18,"column":19},"end":{"line":20,"column":3}},"10":{"start":{"line":19,"column":4},"end":{"line":19,"column":null}},"11":{"start":{"line":22,"column":2},"end":{"line":25,"column":null}},"12":{"start":{"line":23,"column":4},"end":{"line":23,"column":21}},"13":{"start":{"line":23,"column":15},"end":{"line":23,"column":21}},"14":{"start":{"line":24,"column":4},"end":{"line":24,"column":null}},"15":{"start":{"line":27,"column":2},"end":{"line":47,"column":null}},"16":{"start":{"line":50,"column":0},"end":{"line":50,"column":null}}},"fnMap":{"0":{"name":"(anonymous_0)","decl":{"start":{"line":8,"column":19},"end":{"line":8,"column":22}},"loc":{"start":{"line":8,"column":24},"end":{"line":48,"column":1}}},"1":{"name":"(anonymous_1)","decl":{"start":{"line":18,"column":19},"end":{"line":18,"column":20}},"loc":{"start":{"line":18,"column":49},"end":{"line":20,"column":3}}},"2":{"name":"(anonymous_2)","decl":{"start":{"line":22,"column":12},"end":{"line":22,"column":15}},"loc":{"start":{"line":22,"column":17},"end":{"line":25,"column":3}}}},"branchMap":{"0":{"loc":{"start":{"line":23,"column":4},"end":{"line":23,"column":21}},"type":"if","locations":[{"start":{"line":23,"column":4},"end":{"line":23,"column":21}}]}},"s":{"0":1,"1":1,"2":1,"3":1,"4":1,"5":1,"6":1,"7":7,"8":7,"9":7,"10":1,"11":7,"12":4,"13":1,"14":3,"15":7,"16":1},"f":{"0":7,"1":1,"2":4},"b":{"0":[1]}}
,"C:\\Users\\ivans\\OneDrive\\Desktop\\mySocial\\client\\src\\components\\AuthForm\\index.tsx": {"path":"C:\\Users\\ivans\\OneDrive\\Desktop\\mySocial\\client\\src\\components\\AuthForm\\index.tsx","statementMap":{"0":{"start":{"line":1,"column":0},"end":{"line":1,"column":52}},"1":{"start":{"line":2,"column":0},"end":{"line":2,"column":39}},"2":{"start":{"line":4,"column":0},"end":{"line":4,"column":28}},"3":{"start":{"line":5,"column":0},"end":{"line":5,"column":34}},"4":{"start":{"line":12,"column":17},"end":{"line":32,"column":1}},"5":{"start":{"line":13,"column":40},"end":{"line":13,"column":65}},"6":{"start":{"line":15,"column":2},"end":{"line":31,"column":null}},"7":{"start":{"line":21,"column":34},"end":{"line":21,"column":63}},"8":{"start":{"line":24,"column":34},"end":{"line":24,"column":59}},"9":{"start":{"line":27,"column":37},"end":{"line":27,"column":61}},"10":{"start":{"line":34,"column":0},"end":{"line":34,"column":null}}},"fnMap":{"0":{"name":"(anonymous_0)","decl":{"start":{"line":12,"column":17},"end":{"line":12,"column":20}},"loc":{"start":{"line":12,"column":22},"end":{"line":32,"column":1}}},"1":{"name":"(anonymous_1)","decl":{"start":{"line":21,"column":27},"end":{"line":21,"column":30}},"loc":{"start":{"line":21,"column":34},"end":{"line":21,"column":63}}},"2":{"name":"(anonymous_2)","decl":{"start":{"line":24,"column":28},"end":{"line":24,"column":31}},"loc":{"start":{"line":24,"column":34},"end":{"line":24,"column":59}}},"3":{"name":"(anonymous_3)","decl":{"start":{"line":27,"column":31},"end":{"line":27,"column":34}},"loc":{"start":{"line":27,"column":37},"end":{"line":27,"column":61}}}},"branchMap":{},"s":{"0":0,"1":0,"2":0,"3":0,"4":0,"5":0,"6":0,"7":0,"8":0,"9":0,"10":0},"f":{"0":0,"1":0,"2":0,"3":0},"b":{}}
,"C:\\Users\\ivans\\OneDrive\\Desktop\\mySocial\\client\\src\\components\\ChatList\\index.tsx": {"path":"C:\\Users\\ivans\\OneDrive\\Desktop\\mySocial\\client\\src\\components\\ChatList\\index.tsx","statementMap":{"0":{"start":{"line":1,"column":0},"end":{"line":1,"column":48}},"1":{"start":{"line":2,"column":0},"end":{"line":2,"column":71}},"2":{"start":{"line":3,"column":0},"end":{"line":3,"column":43}},"3":{"start":{"line":4,"column":0},"end":{"line":4,"column":40}},"4":{"start":{"line":5,"column":0},"end":{"line":5,"column":40}},"5":{"start":{"line":6,"column":0},"end":{"line":6,"column":41}},"6":{"start":{"line":7,"column":0},"end":{"line":7,"column":null}},"7":{"start":{"line":13,"column":27},"end":{"line":49,"column":1}},"8":{"start":{"line":14,"column":31},"end":{"line":14,"column":69}},"9":{"start":{"line":15,"column":22},"end":{"line":15,"column":48}},"10":{"start":{"line":16,"column":25},"end":{"line":16,"column":59}},"11":{"start":{"line":18,"column":30},"end":{"line":20,"column":4}},"12":{"start":{"line":22,"column":2},"end":{"line":24,"column":null}},"13":{"start":{"line":23,"column":4},"end":{"line":23,"column":null}},"14":{"start":{"line":26,"column":2},"end":{"line":28,"column":3}},"15":{"start":{"line":27,"column":4},"end":{"line":27,"column":null}},"16":{"start":{"line":29,"column":2},"end":{"line":31,"column":3}},"17":{"start":{"line":30,"column":4},"end":{"line":30,"column":null}},"18":{"start":{"line":33,"column":2},"end":{"line":48,"column":null}},"19":{"start":{"line":37,"column":10},"end":{"line":38,"column":null}},"20":{"start":{"line":51,"column":0},"end":{"line":51,"column":null}}},"fnMap":{"0":{"name":"(anonymous_0)","decl":{"start":{"line":13,"column":27},"end":{"line":13,"column":30}},"loc":{"start":{"line":13,"column":32},"end":{"line":49,"column":1}}},"1":{"name":"(anonymous_1)","decl":{"start":{"line":22,"column":12},"end":{"line":22,"column":15}},"loc":{"start":{"line":22,"column":17},"end":{"line":24,"column":3}}},"2":{"name":"(anonymous_2)","decl":{"start":{"line":36,"column":18},"end":{"line":36,"column":25}},"loc":{"start":{"line":37,"column":10},"end":{"line":38,"column":null}}}},"branchMap":{"0":{"loc":{"start":{"line":19,"column":20},"end":{"line":19,"column":50}},"type":"binary-expr","locations":[{"start":{"line":19,"column":20},"end":{"line":19,"column":44}},{"start":{"line":19,"column":48},"end":{"line":19,"column":50}}]},"1":{"loc":{"start":{"line":26,"column":2},"end":{"line":28,"column":3}},"type":"if","locations":[{"start":{"line":26,"column":2},"end":{"line":28,"column":3}}]},"2":{"loc":{"start":{"line":29,"column":2},"end":{"line":31,"column":3}},"type":"if","locations":[{"start":{"line":29,"column":2},"end":{"line":31,"column":3}}]},"3":{"loc":{"start":{"line":40,"column":50},"end":{"line":40,"column":155}},"type":"cond-expr","locations":[{"start":{"line":40,"column":89},"end":{"line":40,"column":129}},{"start":{"line":40,"column":132},"end":{"line":40,"column":155}}]}},"s":{"0":0,"1":0,"2":0,"3":0,"4":0,"5":0,"6":0,"7":0,"8":0,"9":0,"10":0,"11":0,"12":0,"13":0,"14":0,"15":0,"16":0,"17":0,"18":0,"19":0,"20":0},"f":{"0":0,"1":0,"2":0},"b":{"0":[0,0],"1":[0],"2":[0],"3":[0,0]}}
,"C:\\Users\\ivans\\OneDrive\\Desktop\\mySocial\\client\\src\\components\\ChatNotSelected\\index.tsx": {"path":"C:\\Users\\ivans\\OneDrive\\Desktop\\mySocial\\client\\src\\components\\ChatNotSelected\\index.tsx","statementMap":{"0":{"start":{"line":3,"column":24},"end":{"line":9,"column":1}},"1":{"start":{"line":4,"column":2},"end":{"line":8,"column":null}},"2":{"start":{"line":11,"column":0},"end":{"line":11,"column":null}}},"fnMap":{"0":{"name":"(anonymous_0)","decl":{"start":{"line":3,"column":24},"end":{"line":3,"column":27}},"loc":{"start":{"line":3,"column":29},"end":{"line":9,"column":1}}}},"branchMap":{},"s":{"0":0,"1":0,"2":0},"f":{"0":0},"b":{}}
,"C:\\Users\\ivans\\OneDrive\\Desktop\\mySocial\\client\\src\\components\\CommentCard\\index.tsx": {"path":"C:\\Users\\ivans\\OneDrive\\Desktop\\mySocial\\client\\src\\components\\CommentCard\\index.tsx","statementMap":{"0":{"start":{"line":2,"column":0},"end":{"line":2,"column":50}},"1":{"start":{"line":3,"column":0},"end":{"line":3,"column":41}},"2":{"start":{"line":5,"column":0},"end":{"line":5,"column":46}},"3":{"start":{"line":7,"column":0},"end":{"line":7,"column":79}},"4":{"start":{"line":8,"column":0},"end":{"line":8,"column":39}},"5":{"start":{"line":10,"column":0},"end":{"line":10,"column":61}},"6":{"start":{"line":13,"column":0},"end":{"line":13,"column":50}},"7":{"start":{"line":21,"column":48},"end":{"line":56,"column":1}},"8":{"start":{"line":22,"column":25},"end":{"line":22,"column":36}},"9":{"start":{"line":23,"column":22},"end":{"line":23,"column":48}},"10":{"start":{"line":24,"column":51},"end":{"line":24,"column":69}},"11":{"start":{"line":26,"column":4},"end":{"line":28,"column":39}},"12":{"start":{"line":29,"column":24},"end":{"line":31,"column":3}},"13":{"start":{"line":30,"column":4},"end":{"line":30,"column":null}},"14":{"start":{"line":33,"column":2},"end":{"line":55,"column":null}},"15":{"start":{"line":47,"column":31},"end":{"line":47,"column":56}},"16":{"start":{"line":58,"column":0},"end":{"line":58,"column":null}}},"fnMap":{"0":{"name":"(anonymous_0)","decl":{"start":{"line":21,"column":48},"end":{"line":21,"column":49}},"loc":{"start":{"line":21,"column":64},"end":{"line":56,"column":1}}},"1":{"name":"(anonymous_1)","decl":{"start":{"line":29,"column":24},"end":{"line":29,"column":25}},"loc":{"start":{"line":29,"column":46},"end":{"line":31,"column":3}}},"2":{"name":"(anonymous_2)","decl":{"start":{"line":47,"column":25},"end":{"line":47,"column":28}},"loc":{"start":{"line":47,"column":31},"end":{"line":47,"column":56}}}},"branchMap":{"0":{"loc":{"start":{"line":26,"column":4},"end":{"line":28,"column":39}},"type":"cond-expr","locations":[{"start":{"line":27,"column":8},"end":{"line":27,"column":26}},{"start":{"line":28,"column":8},"end":{"line":28,"column":39}}]},"1":{"loc":{"start":{"line":46,"column":9},"end":{"line":48,"column":16}},"type":"cond-expr","locations":[{"start":{"line":47,"column":10},"end":{"line":47,"column":60}},{"start":{"line":48,"column":12},"end":{"line":48,"column":16}}]}},"s":{"0":0,"1":0,"2":0,"3":0,"4":0,"5":0,"6":0,"7":0,"8":0,"9":0,"10":0,"11":0,"12":0,"13":0,"14":0,"15":0,"16":0},"f":{"0":0,"1":0,"2":0},"b":{"0":[0,0],"1":[0,0]}}
,"C:\\Users\\ivans\\OneDrive\\Desktop\\mySocial\\client\\src\\components\\CommentsList\\index.tsx": {"path":"C:\\Users\\ivans\\OneDrive\\Desktop\\mySocial\\client\\src\\components\\CommentsList\\index.tsx","statementMap":{"0":{"start":{"line":3,"column":0},"end":{"line":3,"column":40}},"1":{"start":{"line":9,"column":50},"end":{"line":23,"column":1}},"2":{"start":{"line":10,"column":2},"end":{"line":12,"column":3}},"3":{"start":{"line":11,"column":4},"end":{"line":11,"column":null}},"4":{"start":{"line":14,"column":2},"end":{"line":22,"column":null}},"5":{"start":{"line":17,"column":8},"end":{"line":17,"column":null}},"6":{"start":{"line":25,"column":0},"end":{"line":25,"column":null}}},"fnMap":{"0":{"name":"(anonymous_0)","decl":{"start":{"line":9,"column":50},"end":{"line":9,"column":51}},"loc":{"start":{"line":9,"column":67},"end":{"line":23,"column":1}}},"1":{"name":"(anonymous_1)","decl":{"start":{"line":16,"column":20},"end":{"line":16,"column":27}},"loc":{"start":{"line":17,"column":8},"end":{"line":17,"column":null}}}},"branchMap":{"0":{"loc":{"start":{"line":10,"column":2},"end":{"line":12,"column":3}},"type":"if","locations":[{"start":{"line":10,"column":2},"end":{"line":12,"column":3}}]}},"s":{"0":0,"1":0,"2":0,"3":0,"4":0,"5":0,"6":0},"f":{"0":0,"1":0},"b":{"0":[0]}}
,"C:\\Users\\ivans\\OneDrive\\Desktop\\mySocial\\client\\src\\components\\ConversationCard\\index.tsx": {"path":"C:\\Users\\ivans\\OneDrive\\Desktop\\mySocial\\client\\src\\components\\ConversationCard\\index.tsx","statementMap":{"0":{"start":{"line":3,"column":0},"end":{"line":3,"column":40}},"1":{"start":{"line":4,"column":0},"end":{"line":4,"column":42}},"2":{"start":{"line":5,"column":0},"end":{"line":5,"column":54}},"3":{"start":{"line":6,"column":0},"end":{"line":6,"column":null}},"4":{"start":{"line":10,"column":0},"end":{"line":10,"column":67}},"5":{"start":{"line":11,"column":0},"end":{"line":11,"column":39}},"6":{"start":{"line":12,"column":0},"end":{"line":12,"column":67}},"7":{"start":{"line":18,"column":58},"end":{"line":56,"column":1}},"8":{"start":{"line":21,"column":19},"end":{"line":21,"column":32}},"9":{"start":{"line":22,"column":22},"end":{"line":22,"column":48}},"10":{"start":{"line":23,"column":30},"end":{"line":23,"column":68}},"11":{"start":{"line":24,"column":19},"end":{"line":24,"column":62}},"12":{"start":{"line":25,"column":43},"end":{"line":25,"column":65}},"13":{"start":{"line":26,"column":23},"end":{"line":27,"column":null}},"14":{"start":{"line":27,"column":12},"end":{"line":27,"column":39}},"15":{"start":{"line":30,"column":37},"end":{"line":32,"column":3}},"16":{"start":{"line":31,"column":4},"end":{"line":31,"column":null}},"17":{"start":{"line":34,"column":35},"end":{"line":36,"column":3}},"18":{"start":{"line":35,"column":4},"end":{"line":35,"column":null}},"19":{"start":{"line":38,"column":2},"end":{"line":55,"column":null}},"20":{"start":{"line":43,"column":8},"end":{"line":43,"column":27}},"21":{"start":{"line":58,"column":0},"end":{"line":58,"column":null}}},"fnMap":{"0":{"name":"(anonymous_0)","decl":{"start":{"line":18,"column":58},"end":{"line":18,"column":59}},"loc":{"start":{"line":20,"column":5},"end":{"line":56,"column":1}}},"1":{"name":"(anonymous_1)","decl":{"start":{"line":27,"column":4},"end":{"line":27,"column":8}},"loc":{"start":{"line":27,"column":12},"end":{"line":27,"column":39}}},"2":{"name":"(anonymous_2)","decl":{"start":{"line":30,"column":37},"end":{"line":30,"column":40}},"loc":{"start":{"line":30,"column":42},"end":{"line":32,"column":3}}},"3":{"name":"(anonymous_3)","decl":{"start":{"line":34,"column":35},"end":{"line":34,"column":38}},"loc":{"start":{"line":34,"column":40},"end":{"line":36,"column":3}}},"4":{"name":"(anonymous_4)","decl":{"start":{"line":42,"column":24},"end":{"line":42,"column":25}},"loc":{"start":{"line":43,"column":8},"end":{"line":43,"column":27}}}},"branchMap":{"0":{"loc":{"start":{"line":40,"column":51},"end":{"line":40,"column":83}},"type":"cond-expr","locations":[{"start":{"line":40,"column":62},"end":{"line":40,"column":78}},{"start":{"line":40,"column":81},"end":{"line":40,"column":83}}]}},"s":{"0":0,"1":0,"2":0,"3":0,"4":0,"5":0,"6":0,"7":0,"8":0,"9":0,"10":0,"11":0,"12":0,"13":0,"14":0,"15":0,"16":0,"17":0,"18":0,"19":0,"20":0,"21":0},"f":{"0":0,"1":0,"2":0,"3":0,"4":0},"b":{"0":[0,0]}}
,"C:\\Users\\ivans\\OneDrive\\Desktop\\mySocial\\client\\src\\components\\ConversationsList\\index.tsx": {"path":"C:\\Users\\ivans\\OneDrive\\Desktop\\mySocial\\client\\src\\components\\ConversationsList\\index.tsx","statementMap":{"0":{"start":{"line":5,"column":0},"end":{"line":5,"column":50}},"1":{"start":{"line":13,"column":59},"end":{"line":27,"column":1}},"2":{"start":{"line":17,"column":2},"end":{"line":26,"column":null}},"3":{"start":{"line":20,"column":8},"end":{"line":21,"column":null}},"4":{"start":{"line":29,"column":0},"end":{"line":29,"column":null}}},"fnMap":{"0":{"name":"(anonymous_0)","decl":{"start":{"line":13,"column":59},"end":{"line":13,"column":60}},"loc":{"start":{"line":15,"column":5},"end":{"line":27,"column":1}}},"1":{"name":"(anonymous_1)","decl":{"start":{"line":19,"column":25},"end":{"line":19,"column":37}},"loc":{"start":{"line":20,"column":8},"end":{"line":21,"column":null}}}},"branchMap":{},"s":{"0":0,"1":0,"2":0,"3":0,"4":0},"f":{"0":0,"1":0},"b":{}}
,"C:\\Users\\ivans\\OneDrive\\Desktop\\mySocial\\client\\src\\components\\EditProfile\\index.tsx": {"path":"C:\\Users\\ivans\\OneDrive\\Desktop\\mySocial\\client\\src\\components\\EditProfile\\index.tsx","statementMap":{"0":{"start":{"line":1,"column":0},"end":{"line":1,"column":null}},"1":{"start":{"line":10,"column":0},"end":{"line":10,"column":39}},"2":{"start":{"line":11,"column":0},"end":{"line":11,"column":41}},"3":{"start":{"line":12,"column":0},"end":{"line":12,"column":41}},"4":{"start":{"line":13,"column":0},"end":{"line":13,"column":61}},"5":{"start":{"line":14,"column":0},"end":{"line":14,"column":31}},"6":{"start":{"line":15,"column":0},"end":{"line":15,"column":37}},"7":{"start":{"line":18,"column":0},"end":{"line":18,"column":53}},"8":{"start":{"line":19,"column":0},"end":{"line":19,"column":45}},"9":{"start":{"line":20,"column":0},"end":{"line":20,"column":67}},"10":{"start":{"line":30,"column":48},"end":{"line":133,"column":1}},"11":{"start":{"line":36,"column":22},"end":{"line":36,"column":48}},"12":{"start":{"line":37,"column":46},"end":{"line":37,"column":61}},"13":{"start":{"line":38,"column":38},"end":{"line":38,"column":65}},"14":{"start":{"line":40,"column":2},"end":{"line":42,"column":3}},"15":{"start":{"line":41,"column":4},"end":{"line":41,"column":null}},"16":{"start":{"line":44,"column":41},"end":{"line":49,"column":null}},"17":{"start":{"line":55,"column":6},"end":{"line":58,"column":4}},"18":{"start":{"line":60,"column":22},"end":{"line":64,"column":3}},"19":{"start":{"line":61,"column":4},"end":{"line":63,"column":5}},"20":{"start":{"line":62,"column":6},"end":{"line":62,"column":null}},"21":{"start":{"line":66,"column":19},"end":{"line":68,"column":3}},"22":{"start":{"line":67,"column":4},"end":{"line":67,"column":null}},"23":{"start":{"line":71,"column":2},"end":{"line":132,"column":null}},"24":{"start":{"line":75,"column":10},"end":{"line":127,"column":null}},"25":{"start":{"line":135,"column":0},"end":{"line":135,"column":null}}},"fnMap":{"0":{"name":"(anonymous_0)","decl":{"start":{"line":30,"column":48},"end":{"line":30,"column":49}},"loc":{"start":{"line":35,"column":5},"end":{"line":133,"column":1}}},"1":{"name":"(anonymous_1)","decl":{"start":{"line":60,"column":22},"end":{"line":60,"column":23}},"loc":{"start":{"line":60,"column":65},"end":{"line":64,"column":3}}},"2":{"name":"(anonymous_2)","decl":{"start":{"line":66,"column":19},"end":{"line":66,"column":20}},"loc":{"start":{"line":66,"column":45},"end":{"line":68,"column":3}}},"3":{"name":"(anonymous_3)","decl":{"start":{"line":74,"column":9},"end":{"line":74,"column":16}},"loc":{"start":{"line":75,"column":10},"end":{"line":127,"column":null}}}},"branchMap":{"0":{"loc":{"start":{"line":40,"column":2},"end":{"line":42,"column":3}},"type":"if","locations":[{"start":{"line":40,"column":2},"end":{"line":42,"column":3}}]},"1":{"loc":{"start":{"line":45,"column":10},"end":{"line":45,"column":32}},"type":"binary-expr","locations":[{"start":{"line":45,"column":10},"end":{"line":45,"column":26}},{"start":{"line":45,"column":30},"end":{"line":45,"column":32}}]},"2":{"loc":{"start":{"line":46,"column":9},"end":{"line":46,"column":30}},"type":"binary-expr","locations":[{"start":{"line":46,"column":9},"end":{"line":46,"column":24}},{"start":{"line":46,"column":28},"end":{"line":46,"column":30}}]},"3":{"loc":{"start":{"line":47,"column":17},"end":{"line":47,"column":66}},"type":"binary-expr","locations":[{"start":{"line":47,"column":17},"end":{"line":47,"column":60}},{"start":{"line":47,"column":64},"end":{"line":47,"column":66}}]},"4":{"loc":{"start":{"line":48,"column":14},"end":{"line":48,"column":40}},"type":"binary-expr","locations":[{"start":{"line":48,"column":14},"end":{"line":48,"column":34}},{"start":{"line":48,"column":38},"end":{"line":48,"column":40}}]},"5":{"loc":{"start":{"line":61,"column":4},"end":{"line":63,"column":5}},"type":"if","locations":[{"start":{"line":61,"column":4},"end":{"line":63,"column":5}}]}},"s":{"0":0,"1":0,"2":0,"3":0,"4":0,"5":0,"6":0,"7":0,"8":0,"9":0,"10":0,"11":0,"12":0,"13":0,"14":0,"15":0,"16":0,"17":0,"18":0,"19":0,"20":0,"21":0,"22":0,"23":0,"24":0,"25":0},"f":{"0":0,"1":0,"2":0,"3":0},"b":{"0":[0],"1":[0,0],"2":[0,0],"3":[0,0],"4":[0,0],"5":[0]}}
,"C:\\Users\\ivans\\OneDrive\\Desktop\\mySocial\\client\\src\\components\\FollowCard\\index.tsx": {"path":"C:\\Users\\ivans\\OneDrive\\Desktop\\mySocial\\client\\src\\components\\FollowCard\\index.tsx","statementMap":{"0":{"start":{"line":1,"column":0},"end":{"line":1,"column":68}},"1":{"start":{"line":4,"column":0},"end":{"line":4,"column":50}},"2":{"start":{"line":5,"column":0},"end":{"line":5,"column":41}},"3":{"start":{"line":6,"column":0},"end":{"line":6,"column":61}},"4":{"start":{"line":7,"column":0},"end":{"line":7,"column":47}},"5":{"start":{"line":8,"column":0},"end":{"line":8,"column":39}},"6":{"start":{"line":14,"column":41},"end":{"line":61,"column":1}},"7":{"start":{"line":15,"column":22},"end":{"line":15,"column":48}},"8":{"start":{"line":16,"column":42},"end":{"line":16,"column":61}},"9":{"start":{"line":18,"column":2},"end":{"line":20,"column":3}},"10":{"start":{"line":19,"column":4},"end":{"line":19,"column":null}},"11":{"start":{"line":22,"column":23},"end":{"line":22,"column":55}},"12":{"start":{"line":25,"column":4},"end":{"line":26,"column":75}},"13":{"start":{"line":26,"column":39},"end":{"line":26,"column":74}},"14":{"start":{"line":28,"column":24},"end":{"line":30,"column":3}},"15":{"start":{"line":29,"column":4},"end":{"line":29,"column":null}},"16":{"start":{"line":32,"column":2},"end":{"line":60,"column":null}},"17":{"start":{"line":63,"column":0},"end":{"line":63,"column":null}}},"fnMap":{"0":{"name":"(anonymous_0)","decl":{"start":{"line":14,"column":41},"end":{"line":14,"column":42}},"loc":{"start":{"line":14,"column":60},"end":{"line":61,"column":1}}},"1":{"name":"(anonymous_1)","decl":{"start":{"line":26,"column":31},"end":{"line":26,"column":35}},"loc":{"start":{"line":26,"column":39},"end":{"line":26,"column":74}}},"2":{"name":"(anonymous_2)","decl":{"start":{"line":28,"column":24},"end":{"line":28,"column":27}},"loc":{"start":{"line":28,"column":29},"end":{"line":30,"column":3}}}},"branchMap":{"0":{"loc":{"start":{"line":18,"column":2},"end":{"line":20,"column":3}},"type":"if","locations":[{"start":{"line":18,"column":2},"end":{"line":20,"column":3}}]},"1":{"loc":{"start":{"line":25,"column":4},"end":{"line":26,"column":75}},"type":"binary-expr","locations":[{"start":{"line":25,"column":4},"end":{"line":25,"column":17}},{"start":{"line":26,"column":4},"end":{"line":26,"column":75}}]},"2":{"loc":{"start":{"line":29,"column":4},"end":{"line":29,"column":62}},"type":"cond-expr","locations":[{"start":{"line":29,"column":15},"end":{"line":29,"column":38}},{"start":{"line":29,"column":41},"end":{"line":29,"column":62}}]},"3":{"loc":{"start":{"line":49,"column":17},"end":{"line":49,"column":75}},"type":"cond-expr","locations":[{"start":{"line":49,"column":32},"end":{"line":49,"column":41}},{"start":{"line":49,"column":44},"end":{"line":49,"column":75}}]},"4":{"loc":{"start":{"line":49,"column":44},"end":{"line":49,"column":75}},"type":"cond-expr","locations":[{"start":{"line":49,"column":55},"end":{"line":49,"column":63}},{"start":{"line":49,"column":66},"end":{"line":49,"column":75}}]},"5":{"loc":{"start":{"line":56,"column":11},"end":{"line":56,"column":71}},"type":"cond-expr","locations":[{"start":{"line":56,"column":26},"end":{"line":56,"column":36}},{"start":{"line":56,"column":39},"end":{"line":56,"column":71}}]},"6":{"loc":{"start":{"line":56,"column":39},"end":{"line":56,"column":71}},"type":"cond-expr","locations":[{"start":{"line":56,"column":50},"end":{"line":56,"column":60}},{"start":{"line":56,"column":63},"end":{"line":56,"column":71}}]}},"s":{"0":0,"1":0,"2":0,"3":0,"4":0,"5":0,"6":0,"7":0,"8":0,"9":0,"10":0,"11":0,"12":0,"13":0,"14":0,"15":0,"16":0,"17":0},"f":{"0":0,"1":0,"2":0},"b":{"0":[0],"1":[0,0],"2":[0,0],"3":[0,0],"4":[0,0],"5":[0,0],"6":[0,0]}}
,"C:\\Users\\ivans\\OneDrive\\Desktop\\mySocial\\client\\src\\components\\FollowList\\index.tsx": {"path":"C:\\Users\\ivans\\OneDrive\\Desktop\\mySocial\\client\\src\\components\\FollowList\\index.tsx","statementMap":{"0":{"start":{"line":3,"column":0},"end":{"line":3,"column":38}},"1":{"start":{"line":4,"column":0},"end":{"line":4,"column":40}},"2":{"start":{"line":12,"column":46},"end":{"line":36,"column":1}},"3":{"start":{"line":13,"column":2},"end":{"line":20,"column":3}},"4":{"start":{"line":14,"column":4},"end":{"line":19,"column":null}},"5":{"start":{"line":22,"column":2},"end":{"line":35,"column":null}},"6":{"start":{"line":28,"column":12},"end":{"line":28,"column":null}},"7":{"start":{"line":38,"column":0},"end":{"line":38,"column":null}}},"fnMap":{"0":{"name":"(anonymous_0)","decl":{"start":{"line":12,"column":46},"end":{"line":12,"column":47}},"loc":{"start":{"line":12,"column":75},"end":{"line":36,"column":1}}},"1":{"name":"(anonymous_1)","decl":{"start":{"line":27,"column":20},"end":{"line":27,"column":21}},"loc":{"start":{"line":28,"column":12},"end":{"line":28,"column":null}}}},"branchMap":{"0":{"loc":{"start":{"line":13,"column":2},"end":{"line":20,"column":3}},"type":"if","locations":[{"start":{"line":13,"column":2},"end":{"line":20,"column":3}}]}},"s":{"0":0,"1":0,"2":0,"3":0,"4":0,"5":0,"6":0,"7":0},"f":{"0":0,"1":0},"b":{"0":[0]}}
,"C:\\Users\\ivans\\OneDrive\\Desktop\\mySocial\\client\\src\\components\\Header\\index.tsx": {"path":"C:\\Users\\ivans\\OneDrive\\Desktop\\mySocial\\client\\src\\components\\Header\\index.tsx","statementMap":{"0":{"start":{"line":1,"column":0},"end":{"line":1,"column":39}},"1":{"start":{"line":2,"column":0},"end":{"line":2,"column":41}},"2":{"start":{"line":3,"column":0},"end":{"line":3,"column":39}},"3":{"start":{"line":4,"column":0},"end":{"line":4,"column":null}},"4":{"start":{"line":14,"column":0},"end":{"line":14,"column":50}},"5":{"start":{"line":16,"column":0},"end":{"line":16,"column":61}},"6":{"start":{"line":17,"column":0},"end":{"line":17,"column":30}},"7":{"start":{"line":19,"column":25},"end":{"line":77,"column":1}},"8":{"start":{"line":20,"column":38},"end":{"line":20,"column":62}},"9":{"start":{"line":21,"column":22},"end":{"line":21,"column":48}},"10":{"start":{"line":22,"column":24},"end":{"line":22,"column":46}},"11":{"start":{"line":24,"column":20},"end":{"line":29,"column":null}},"12":{"start":{"line":32,"column":2},"end":{"line":76,"column":null}},"13":{"start":{"line":52,"column":10},"end":{"line":52,"column":null}},"14":{"start":{"line":68,"column":10},"end":{"line":68,"column":null}},"15":{"start":{"line":79,"column":0},"end":{"line":79,"column":null}}},"fnMap":{"0":{"name":"(anonymous_0)","decl":{"start":{"line":19,"column":25},"end":{"line":19,"column":28}},"loc":{"start":{"line":19,"column":30},"end":{"line":77,"column":1}}},"1":{"name":"(anonymous_1)","decl":{"start":{"line":51,"column":23},"end":{"line":51,"column":27}},"loc":{"start":{"line":52,"column":10},"end":{"line":52,"column":null}}},"2":{"name":"(anonymous_2)","decl":{"start":{"line":67,"column":23},"end":{"line":67,"column":24}},"loc":{"start":{"line":68,"column":10},"end":{"line":68,"column":null}}}},"branchMap":{"0":{"loc":{"start":{"line":22,"column":24},"end":{"line":22,"column":46}},"type":"binary-expr","locations":[{"start":{"line":22,"column":24},"end":{"line":22,"column":39}},{"start":{"line":22,"column":43},"end":{"line":22,"column":46}}]},"1":{"loc":{"start":{"line":36,"column":22},"end":{"line":36,"column":61}},"type":"cond-expr","locations":[{"start":{"line":36,"column":35},"end":{"line":36,"column":47}},{"start":{"line":36,"column":50},"end":{"line":36,"column":61}}]}},"s":{"0":1,"1":1,"2":1,"3":1,"4":1,"5":1,"6":1,"7":1,"8":14,"9":14,"10":14,"11":14,"12":14,"13":56,"14":56,"15":1},"f":{"0":14,"1":56,"2":56},"b":{"0":[14,7],"1":[2,12]}}
,"C:\\Users\\ivans\\OneDrive\\Desktop\\mySocial\\client\\src\\components\\LinkToMessages\\index.tsx": {"path":"C:\\Users\\ivans\\OneDrive\\Desktop\\mySocial\\client\\src\\components\\LinkToMessages\\index.tsx","statementMap":{"0":{"start":{"line":1,"column":0},"end":{"line":1,"column":54}},"1":{"start":{"line":2,"column":0},"end":{"line":2,"column":73}},"2":{"start":{"line":3,"column":0},"end":{"line":3,"column":76}},"3":{"start":{"line":4,"column":0},"end":{"line":4,"column":67}},"4":{"start":{"line":5,"column":0},"end":{"line":5,"column":40}},"5":{"start":{"line":6,"column":0},"end":{"line":6,"column":46}},"6":{"start":{"line":8,"column":0},"end":{"line":8,"column":69}},"7":{"start":{"line":10,"column":23},"end":{"line":53,"column":1}},"8":{"start":{"line":11,"column":33},"end":{"line":11,"column":56}},"9":{"start":{"line":12,"column":19},"end":{"line":12,"column":32}},"10":{"start":{"line":13,"column":19},"end":{"line":13,"column":32}},"11":{"start":{"line":14,"column":19},"end":{"line":14,"column":48}},"12":{"start":{"line":15,"column":22},"end":{"line":15,"column":48}},"13":{"start":{"line":16,"column":15},"end":{"line":16,"column":38}},"14":{"start":{"line":18,"column":25},"end":{"line":19,"column":null}},"15":{"start":{"line":19,"column":4},"end":{"line":19,"column":39}},"16":{"start":{"line":21,"column":2},"end":{"line":21,"column":null}},"17":{"start":{"line":21,"column":32},"end":{"line":21,"column":null}},"18":{"start":{"line":24,"column":4},"end":{"line":24,"column":58}},"19":{"start":{"line":24,"column":23},"end":{"line":24,"column":49}},"20":{"start":{"line":26,"column":4},"end":{"line":28,"column":11}},"21":{"start":{"line":27,"column":14},"end":{"line":27,"column":41}},"22":{"start":{"line":30,"column":29},"end":{"line":43,"column":3}},"23":{"start":{"line":31,"column":4},"end":{"line":42,"column":5}},"24":{"start":{"line":32,"column":6},"end":{"line":32,"column":null}},"25":{"start":{"line":33,"column":6},"end":{"line":38,"column":null}},"26":{"start":{"line":40,"column":6},"end":{"line":40,"column":null}},"27":{"start":{"line":41,"column":6},"end":{"line":41,"column":null}},"28":{"start":{"line":45,"column":2},"end":{"line":52,"column":null}},"29":{"start":{"line":55,"column":0},"end":{"line":55,"column":null}}},"fnMap":{"0":{"name":"(anonymous_0)","decl":{"start":{"line":10,"column":23},"end":{"line":10,"column":26}},"loc":{"start":{"line":10,"column":28},"end":{"line":53,"column":1}}},"1":{"name":"(anonymous_1)","decl":{"start":{"line":18,"column":60},"end":{"line":18,"column":62}},"loc":{"start":{"line":19,"column":4},"end":{"line":19,"column":39}}},"2":{"name":"(anonymous_2)","decl":{"start":{"line":24,"column":15},"end":{"line":24,"column":19}},"loc":{"start":{"line":24,"column":23},"end":{"line":24,"column":49}}},"3":{"name":"(anonymous_3)","decl":{"start":{"line":27,"column":6},"end":{"line":27,"column":10}},"loc":{"start":{"line":27,"column":14},"end":{"line":27,"column":41}}},"4":{"name":"(anonymous_4)","decl":{"start":{"line":30,"column":29},"end":{"line":30,"column":32}},"loc":{"start":{"line":30,"column":34},"end":{"line":43,"column":3}}}},"branchMap":{"0":{"loc":{"start":{"line":21,"column":2},"end":{"line":21,"column":null}},"type":"if","locations":[{"start":{"line":21,"column":2},"end":{"line":21,"column":null}}]},"1":{"loc":{"start":{"line":21,"column":6},"end":{"line":21,"column":30}},"type":"binary-expr","locations":[{"start":{"line":21,"column":6},"end":{"line":21,"column":21}},{"start":{"line":21,"column":25},"end":{"line":21,"column":30}}]},"2":{"loc":{"start":{"line":24,"column":4},"end":{"line":24,"column":58}},"type":"binary-expr","locations":[{"start":{"line":24,"column":4},"end":{"line":24,"column":50}},{"start":{"line":24,"column":54},"end":{"line":24,"column":58}}]},"3":{"loc":{"start":{"line":26,"column":4},"end":{"line":28,"column":11}},"type":"binary-expr","locations":[{"start":{"line":26,"column":4},"end":{"line":27,"column":null}},{"start":{"line":28,"column":9},"end":{"line":28,"column":11}}]},"4":{"loc":{"start":{"line":31,"column":4},"end":{"line":42,"column":5}},"type":"if","locations":[{"start":{"line":31,"column":4},"end":{"line":42,"column":5}},{"start":{"line":39,"column":11},"end":{"line":42,"column":5}}]},"5":{"loc":{"start":{"line":41,"column":25},"end":{"line":41,"column":39}},"type":"binary-expr","locations":[{"start":{"line":41,"column":25},"end":{"line":41,"column":33}},{"start":{"line":41,"column":37},"end":{"line":41,"column":39}}]}},"s":{"0":0,"1":0,"2":0,"3":0,"4":0,"5":0,"6":0,"7":0,"8":0,"9":0,"10":0,"11":0,"12":0,"13":0,"14":0,"15":0,"16":0,"17":0,"18":0,"19":0,"20":0,"21":0,"22":0,"23":0,"24":0,"25":0,"26":0,"27":0,"28":0,"29":0},"f":{"0":0,"1":0,"2":0,"3":0,"4":0},"b":{"0":[0],"1":[0,0],"2":[0,0],"3":[0,0],"4":[0,0],"5":[0,0]}}
,"C:\\Users\\ivans\\OneDrive\\Desktop\\mySocial\\client\\src\\components\\LogBtn\\index.tsx": {"path":"C:\\Users\\ivans\\OneDrive\\Desktop\\mySocial\\client\\src\\components\\LogBtn\\index.tsx","statementMap":{"0":{"start":{"line":2,"column":0},"end":{"line":2,"column":40}},"1":{"start":{"line":3,"column":0},"end":{"line":3,"column":54}},"2":{"start":{"line":4,"column":0},"end":{"line":4,"column":52}},"3":{"start":{"line":5,"column":0},"end":{"line":5,"column":54}},"4":{"start":{"line":6,"column":0},"end":{"line":6,"column":69}},"5":{"start":{"line":7,"column":0},"end":{"line":7,"column":51}},"6":{"start":{"line":8,"column":0},"end":{"line":8,"column":67}},"7":{"start":{"line":9,"column":0},"end":{"line":9,"column":62}},"8":{"start":{"line":11,"column":25},"end":{"line":39,"column":1}},"9":{"start":{"line":12,"column":19},"end":{"line":12,"column":32}},"10":{"start":{"line":13,"column":19},"end":{"line":13,"column":32}},"11":{"start":{"line":14,"column":17},"end":{"line":14,"column":49}},"12":{"start":{"line":15,"column":31},"end":{"line":15,"column":56}},"13":{"start":{"line":16,"column":39},"end":{"line":16,"column":58}},"14":{"start":{"line":18,"column":23},"end":{"line":23,"column":3}},"15":{"start":{"line":19,"column":4},"end":{"line":19,"column":null}},"16":{"start":{"line":20,"column":4},"end":{"line":20,"column":null}},"17":{"start":{"line":21,"column":4},"end":{"line":21,"column":null}},"18":{"start":{"line":22,"column":4},"end":{"line":22,"column":null}},"19":{"start":{"line":25,"column":2},"end":{"line":38,"column":null}},"20":{"start":{"line":41,"column":0},"end":{"line":41,"column":null}}},"fnMap":{"0":{"name":"(anonymous_0)","decl":{"start":{"line":11,"column":25},"end":{"line":11,"column":28}},"loc":{"start":{"line":11,"column":30},"end":{"line":39,"column":1}}},"1":{"name":"(anonymous_1)","decl":{"start":{"line":18,"column":23},"end":{"line":18,"column":28}},"loc":{"start":{"line":18,"column":34},"end":{"line":23,"column":3}}}},"branchMap":{"0":{"loc":{"start":{"line":25,"column":9},"end":{"line":37,"column":null}},"type":"cond-expr","locations":[{"start":{"line":26,"column":4},"end":{"line":26,"column":null}},{"start":{"line":30,"column":4},"end":{"line":36,"column":null}}]}},"s":{"0":1,"1":1,"2":1,"3":1,"4":1,"5":1,"6":1,"7":1,"8":1,"9":14,"10":14,"11":14,"12":14,"13":14,"14":14,"15":0,"16":0,"17":0,"18":0,"19":14,"20":1},"f":{"0":14,"1":0},"b":{"0":[0,14]}}
,"C:\\Users\\ivans\\OneDrive\\Desktop\\mySocial\\client\\src\\components\\Login\\index.tsx": {"path":"C:\\Users\\ivans\\OneDrive\\Desktop\\mySocial\\client\\src\\components\\Login\\index.tsx","statementMap":{"0":{"start":{"line":2,"column":0},"end":{"line":2,"column":41}},"1":{"start":{"line":3,"column":0},"end":{"line":3,"column":31}},"2":{"start":{"line":4,"column":0},"end":{"line":4,"column":45}},"3":{"start":{"line":5,"column":0},"end":{"line":5,"column":42}},"4":{"start":{"line":6,"column":0},"end":{"line":6,"column":43}},"5":{"start":{"line":17,"column":36},"end":{"line":71,"column":1}},"6":{"start":{"line":18,"column":43},"end":{"line":18,"column":53}},"7":{"start":{"line":23,"column":6},"end":{"line":30,"column":4}},"8":{"start":{"line":32,"column":19},"end":{"line":32,"column":52}},"9":{"start":{"line":32,"column":36},"end":{"line":32,"column":52}},"10":{"start":{"line":34,"column":2},"end":{"line":70,"column":null}},"11":{"start":{"line":61,"column":23},"end":{"line":61,"column":34}},"12":{"start":{"line":73,"column":0},"end":{"line":73,"column":null}}},"fnMap":{"0":{"name":"(anonymous_0)","decl":{"start":{"line":17,"column":36},"end":{"line":17,"column":37}},"loc":{"start":{"line":17,"column":54},"end":{"line":71,"column":1}}},"1":{"name":"(anonymous_1)","decl":{"start":{"line":32,"column":19},"end":{"line":32,"column":20}},"loc":{"start":{"line":32,"column":36},"end":{"line":32,"column":52}}},"2":{"name":"(anonymous_2)","decl":{"start":{"line":61,"column":17},"end":{"line":61,"column":20}},"loc":{"start":{"line":61,"column":23},"end":{"line":61,"column":34}}}},"branchMap":{},"s":{"0":0,"1":0,"2":0,"3":0,"4":0,"5":0,"6":0,"7":0,"8":0,"9":0,"10":0,"11":0,"12":0},"f":{"0":0,"1":0,"2":0},"b":{}}
,"C:\\Users\\ivans\\OneDrive\\Desktop\\mySocial\\client\\src\\components\\MessageCard\\index.tsx": {"path":"C:\\Users\\ivans\\OneDrive\\Desktop\\mySocial\\client\\src\\components\\MessageCard\\index.tsx","statementMap":{"0":{"start":{"line":5,"column":0},"end":{"line":5,"column":42}},"1":{"start":{"line":6,"column":0},"end":{"line":6,"column":50}},"2":{"start":{"line":7,"column":0},"end":{"line":7,"column":39}},"3":{"start":{"line":8,"column":0},"end":{"line":8,"column":63}},"4":{"start":{"line":14,"column":48},"end":{"line":30,"column":1}},"5":{"start":{"line":17,"column":2},"end":{"line":29,"column":null}},"6":{"start":{"line":32,"column":0},"end":{"line":32,"column":null}}},"fnMap":{"0":{"name":"(anonymous_0)","decl":{"start":{"line":14,"column":48},"end":{"line":14,"column":49}},"loc":{"start":{"line":14,"column":64},"end":{"line":30,"column":1}}}},"branchMap":{},"s":{"0":0,"1":0,"2":0,"3":0,"4":0,"5":0,"6":0},"f":{"0":0},"b":{}}
,"C:\\Users\\ivans\\OneDrive\\Desktop\\mySocial\\client\\src\\components\\Notification\\index.tsx": {"path":"C:\\Users\\ivans\\OneDrive\\Desktop\\mySocial\\client\\src\\components\\Notification\\index.tsx","statementMap":{"0":{"start":{"line":1,"column":0},"end":{"line":1,"column":64}},"1":{"start":{"line":2,"column":0},"end":{"line":2,"column":54}},"2":{"start":{"line":3,"column":0},"end":{"line":3,"column":46}},"3":{"start":{"line":4,"column":0},"end":{"line":4,"column":null}},"4":{"start":{"line":9,"column":0},"end":{"line":9,"column":70}},"5":{"start":{"line":10,"column":0},"end":{"line":10,"column":69}},"6":{"start":{"line":11,"column":0},"end":{"line":11,"column":40}},"7":{"start":{"line":12,"column":0},"end":{"line":12,"column":61}},"8":{"start":{"line":14,"column":21},"end":{"line":73,"column":1}},"9":{"start":{"line":15,"column":19},"end":{"line":15,"column":32}},"10":{"start":{"line":16,"column":19},"end":{"line":16,"column":32}},"11":{"start":{"line":17,"column":18},"end":{"line":17,"column":56}},"12":{"start":{"line":18,"column":17},"end":{"line":18,"column":54}},"13":{"start":{"line":19,"column":22},"end":{"line":19,"column":48}},"14":{"start":{"line":20,"column":27},"end":{"line":20,"column":62}},"15":{"start":{"line":21,"column":52},"end":{"line":21,"column":64}},"16":{"start":{"line":22,"column":33},"end":{"line":22,"column":56}},"17":{"start":{"line":24,"column":22},"end":{"line":26,"column":3}},"18":{"start":{"line":25,"column":4},"end":{"line":25,"column":null}},"19":{"start":{"line":28,"column":2},"end":{"line":39,"column":null}},"20":{"start":{"line":29,"column":4},"end":{"line":29,"column":23}},"21":{"start":{"line":29,"column":17},"end":{"line":29,"column":23}},"22":{"start":{"line":30,"column":18},"end":{"line":30,"column":22}},"23":{"start":{"line":32,"column":18},"end":{"line":34,"column":13}},"24":{"start":{"line":33,"column":6},"end":{"line":33,"column":null}},"25":{"start":{"line":36,"column":4},"end":{"line":38,"column":null}},"26":{"start":{"line":37,"column":6},"end":{"line":37,"column":null}},"27":{"start":{"line":41,"column":2},"end":{"line":41,"column":null}},"28":{"start":{"line":41,"column":15},"end":{"line":41,"column":null}},"29":{"start":{"line":43,"column":21},"end":{"line":54,"column":3}},"30":{"start":{"line":44,"column":4},"end":{"line":44,"column":null}},"31":{"start":{"line":44,"column":46},"end":{"line":44,"column":null}},"32":{"start":{"line":45,"column":4},"end":{"line":48,"column":5}},"33":{"start":{"line":46,"column":6},"end":{"line":46,"column":null}},"34":{"start":{"line":47,"column":6},"end":{"line":47,"column":null}},"35":{"start":{"line":49,"column":4},"end":{"line":53,"column":5}},"36":{"start":{"line":50,"column":6},"end":{"line":52,"column":7}},"37":{"start":{"line":51,"column":8},"end":{"line":51,"column":null}},"38":{"start":{"line":56,"column":2},"end":{"line":72,"column":null}},"39":{"start":{"line":75,"column":0},"end":{"line":75,"column":null}}},"fnMap":{"0":{"name":"(anonymous_0)","decl":{"start":{"line":14,"column":21},"end":{"line":14,"column":24}},"loc":{"start":{"line":14,"column":26},"end":{"line":73,"column":1}}},"1":{"name":"(anonymous_1)","decl":{"start":{"line":24,"column":22},"end":{"line":24,"column":25}},"loc":{"start":{"line":24,"column":27},"end":{"line":26,"column":3}}},"2":{"name":"(anonymous_2)","decl":{"start":{"line":28,"column":12},"end":{"line":28,"column":15}},"loc":{"start":{"line":28,"column":17},"end":{"line":39,"column":3}}},"3":{"name":"(anonymous_3)","decl":{"start":{"line":32,"column":29},"end":{"line":32,"column":32}},"loc":{"start":{"line":32,"column":34},"end":{"line":34,"column":5}}},"4":{"name":"(anonymous_4)","decl":{"start":{"line":36,"column":11},"end":{"line":36,"column":14}},"loc":{"start":{"line":36,"column":16},"end":{"line":38,"column":5}}},"5":{"name":"(anonymous_5)","decl":{"start":{"line":43,"column":21},"end":{"line":43,"column":22}},"loc":{"start":{"line":43,"column":59},"end":{"line":54,"column":3}}}},"branchMap":{"0":{"loc":{"start":{"line":29,"column":4},"end":{"line":29,"column":23}},"type":"if","locations":[{"start":{"line":29,"column":4},"end":{"line":29,"column":23}}]},"1":{"loc":{"start":{"line":41,"column":2},"end":{"line":41,"column":null}},"type":"if","locations":[{"start":{"line":41,"column":2},"end":{"line":41,"column":null}}]},"2":{"loc":{"start":{"line":44,"column":4},"end":{"line":44,"column":null}},"type":"if","locations":[{"start":{"line":44,"column":4},"end":{"line":44,"column":null}}]},"3":{"loc":{"start":{"line":45,"column":4},"end":{"line":48,"column":5}},"type":"if","locations":[{"start":{"line":45,"column":4},"end":{"line":48,"column":5}}]},"4":{"loc":{"start":{"line":49,"column":4},"end":{"line":53,"column":5}},"type":"if","locations":[{"start":{"line":49,"column":4},"end":{"line":53,"column":5}}]},"5":{"loc":{"start":{"line":50,"column":6},"end":{"line":52,"column":7}},"type":"if","locations":[{"start":{"line":50,"column":6},"end":{"line":52,"column":7}}]},"6":{"loc":{"start":{"line":50,"column":10},"end":{"line":50,"column":44}},"type":"binary-expr","locations":[{"start":{"line":50,"column":10},"end":{"line":50,"column":21}},{"start":{"line":50,"column":25},"end":{"line":50,"column":44}}]}},"s":{"0":0,"1":0,"2":0,"3":0,"4":0,"5":0,"6":0,"7":0,"8":0,"9":0,"10":0,"11":0,"12":0,"13":0,"14":0,"15":0,"16":0,"17":0,"18":0,"19":0,"20":0,"21":0,"22":0,"23":0,"24":0,"25":0,"26":0,"27":0,"28":0,"29":0,"30":0,"31":0,"32":0,"33":0,"34":0,"35":0,"36":0,"37":0,"38":0,"39":0},"f":{"0":0,"1":0,"2":0,"3":0,"4":0,"5":0},"b":{"0":[0],"1":[0],"2":[0],"3":[0],"4":[0],"5":[0],"6":[0,0]}}
,"C:\\Users\\ivans\\OneDrive\\Desktop\\mySocial\\client\\src\\components\\PostCard\\index.tsx": {"path":"C:\\Users\\ivans\\OneDrive\\Desktop\\mySocial\\client\\src\\components\\PostCard\\index.tsx","statementMap":{"0":{"start":{"line":2,"column":0},"end":{"line":2,"column":41}},"1":{"start":{"line":3,"column":0},"end":{"line":3,"column":63}},"2":{"start":{"line":4,"column":0},"end":{"line":4,"column":null}},"3":{"start":{"line":11,"column":0},"end":{"line":11,"column":39}},"4":{"start":{"line":13,"column":0},"end":{"line":13,"column":50}},"5":{"start":{"line":15,"column":0},"end":{"line":15,"column":71}},"6":{"start":{"line":18,"column":0},"end":{"line":18,"column":null}},"7":{"start":{"line":23,"column":0},"end":{"line":23,"column":46}},"8":{"start":{"line":24,"column":0},"end":{"line":24,"column":50}},"9":{"start":{"line":25,"column":0},"end":{"line":25,"column":45}},"10":{"start":{"line":33,"column":42},"end":{"line":120,"column":1}},"11":{"start":{"line":34,"column":19},"end":{"line":34,"column":32}},"12":{"start":{"line":35,"column":17},"end":{"line":35,"column":28}},"13":{"start":{"line":37,"column":22},"end":{"line":37,"column":48}},"14":{"start":{"line":38,"column":17},"end":{"line":38,"column":49}},"15":{"start":{"line":39,"column":20},"end":{"line":39,"column":53}},"16":{"start":{"line":41,"column":4},"end":{"line":43,"column":39}},"17":{"start":{"line":45,"column":29},"end":{"line":45,"column":44}},"18":{"start":{"line":46,"column":27},"end":{"line":46,"column":40}},"19":{"start":{"line":47,"column":29},"end":{"line":47,"column":44}},"20":{"start":{"line":49,"column":27},"end":{"line":51,"column":3}},"21":{"start":{"line":50,"column":4},"end":{"line":50,"column":null}},"22":{"start":{"line":53,"column":29},"end":{"line":62,"column":3}},"23":{"start":{"line":54,"column":4},"end":{"line":57,"column":5}},"24":{"start":{"line":55,"column":6},"end":{"line":55,"column":null}},"25":{"start":{"line":56,"column":6},"end":{"line":56,"column":null}},"26":{"start":{"line":58,"column":45},"end":{"line":58,"column":85}},"27":{"start":{"line":59,"column":4},"end":{"line":61,"column":null}},"28":{"start":{"line":64,"column":2},"end":{"line":119,"column":null}},"29":{"start":{"line":83,"column":45},"end":{"line":83,"column":70}},"30":{"start":{"line":92,"column":25},"end":{"line":92,"column":52}},"31":{"start":{"line":122,"column":0},"end":{"line":122,"column":null}}},"fnMap":{"0":{"name":"(anonymous_0)","decl":{"start":{"line":33,"column":42},"end":{"line":33,"column":43}},"loc":{"start":{"line":33,"column":55},"end":{"line":120,"column":1}}},"1":{"name":"(anonymous_1)","decl":{"start":{"line":49,"column":27},"end":{"line":49,"column":28}},"loc":{"start":{"line":49,"column":42},"end":{"line":51,"column":3}}},"2":{"name":"(anonymous_2)","decl":{"start":{"line":53,"column":29},"end":{"line":53,"column":30}},"loc":{"start":{"line":53,"column":44},"end":{"line":62,"column":3}}},"3":{"name":"(anonymous_3)","decl":{"start":{"line":83,"column":39},"end":{"line":83,"column":42}},"loc":{"start":{"line":83,"column":45},"end":{"line":83,"column":70}}},"4":{"name":"(anonymous_4)","decl":{"start":{"line":92,"column":19},"end":{"line":92,"column":22}},"loc":{"start":{"line":92,"column":25},"end":{"line":92,"column":52}}}},"branchMap":{"0":{"loc":{"start":{"line":41,"column":4},"end":{"line":43,"column":39}},"type":"cond-expr","locations":[{"start":{"line":42,"column":8},"end":{"line":42,"column":26}},{"start":{"line":43,"column":8},"end":{"line":43,"column":39}}]},"1":{"loc":{"start":{"line":54,"column":4},"end":{"line":57,"column":5}},"type":"if","locations":[{"start":{"line":54,"column":4},"end":{"line":57,"column":5}}]},"2":{"loc":{"start":{"line":58,"column":45},"end":{"line":58,"column":85}},"type":"cond-expr","locations":[{"start":{"line":58,"column":57},"end":{"line":58,"column":70}},{"start":{"line":58,"column":73},"end":{"line":58,"column":85}}]},"3":{"loc":{"start":{"line":59,"column":4},"end":{"line":61,"column":42}},"type":"cond-expr","locations":[{"start":{"line":60,"column":8},"end":{"line":60,"column":44}},{"start":{"line":61,"column":8},"end":{"line":61,"column":42}}]},"4":{"loc":{"start":{"line":83,"column":11},"end":{"line":83,"column":74}},"type":"binary-expr","locations":[{"start":{"line":83,"column":11},"end":{"line":83,"column":20}},{"start":{"line":83,"column":24},"end":{"line":83,"column":74}}]},"5":{"loc":{"start":{"line":97,"column":17},"end":{"line":97,"column":61}},"type":"cond-expr","locations":[{"start":{"line":97,"column":36},"end":{"line":97,"column":46}},{"start":{"line":97,"column":49},"end":{"line":97,"column":61}}]}},"s":{"0":2,"1":2,"2":2,"3":2,"4":2,"5":2,"6":2,"7":2,"8":2,"9":2,"10":2,"11":10,"12":10,"13":10,"14":10,"15":10,"16":10,"17":10,"18":10,"19":10,"20":10,"21":1,"22":10,"23":5,"24":1,"25":1,"26":4,"27":4,"28":10,"29":1,"30":5,"31":2},"f":{"0":10,"1":1,"2":5,"3":1,"4":5},"b":{"0":[7,3],"1":[1],"2":[2,2],"3":[2,2],"4":[10,7],"5":[3,7]}}
[...]
,"C:\\Users\\ivans\\OneDrive\\Desktop\\mySocial\\client\\src\\pages\\index.tsx": {"path":"C:\\Users\\ivans\\OneDrive\\Desktop\\mySocial\\client\\src\\pages\\index.tsx","statementMap":{"0":{"start":{"line":1,"column":0},"end":{"line":1,"column":7}},"1":{"start":{"line":10,"column":2},"end":{"line":1,"column":33}},"2":{"start":{"line":2,"column":0},"end":{"line":2,"column":7}},"3":{"start":{"line":11,"column":2},"end":{"line":2,"column":33}},"4":{"start":{"line":3,"column":0},"end":{"line":3,"column":7}},"5":{"start":{"line":12,"column":2},"end":{"line":3,"column":33}},"6":{"start":{"line":4,"column":0},"end":{"line":4,"column":7}},"7":{"start":{"line":13,"column":2},"end":{"line":4,"column":41}},"8":{"start":{"line":5,"column":0},"end":{"line":5,"column":7}},"9":{"start":{"line":14,"column":2},"end":{"line":5,"column":43}},"10":{"start":{"line":6,"column":0},"end":{"line":6,"column":7}},"11":{"start":{"line":15,"column":2},"end":{"line":6,"column":41}},"12":{"start":{"line":7,"column":0},"end":{"line":7,"column":7}},"13":{"start":{"line":16,"column":2},"end":{"line":7,"column":39}}},"fnMap":{},"branchMap":{},"s":{"0":0,"1":0,"2":0,"3":0,"4":0,"5":0,"6":0,"7":0,"8":0,"9":0,"10":0,"11":0,"12":0,"13":0},"f":{},"b":{}}
,"C:\\Users\\ivans\\OneDrive\\Desktop\\mySocial\\client\\src\\pages\\ConversationsPage\\index.tsx": {"path":"C:\\Users\\ivans\\OneDrive\\Desktop\\mySocial\\client\\src\\pages\\ConversationsPage\\index.tsx","statementMap":{"0":{"start":{"line":1,"column":0},"end":{"line":1,"column":43}},"1":{"start":{"line":2,"column":0},"end":{"line":2,"column":66}},"2":{"start":{"line":3,"column":0},"end":{"line":3,"column":48}},"3":{"start":{"line":4,"column":0},"end":{"line":4,"column":62}},"4":{"start":{"line":6,"column":0},"end":{"line":6,"column":43}},"5":{"start":{"line":7,"column":0},"end":{"line":7,"column":43}},"6":{"start":{"line":8,"column":0},"end":{"line":8,"column":40}},"7":{"start":{"line":9,"column":0},"end":{"line":9,"column":76}},"8":{"start":{"line":10,"column":0},"end":{"line":10,"column":54}},"9":{"start":{"line":11,"column":0},"end":{"line":11,"column":73}},"10":{"start":{"line":12,"column":0},"end":{"line":12,"column":67}},"11":{"start":{"line":14,"column":26},"end":{"line":55,"column":1}},"12":{"start":{"line":15,"column":19},"end":{"line":15,"column":32}},"13":{"start":{"line":16,"column":30},"end":{"line":16,"column":59}},"14":{"start":{"line":17,"column":31},"end":{"line":17,"column":69}},"15":{"start":{"line":19,"column":2},"end":{"line":23,"column":null}},"16":{"start":{"line":20,"column":4},"end":{"line":22,"column":null}},"17":{"start":{"line":21,"column":6},"end":{"line":21,"column":null}},"18":{"start":{"line":25,"column":2},"end":{"line":27,"column":3}},"19":{"start":{"line":26,"column":4},"end":{"line":26,"column":null}},"20":{"start":{"line":29,"column":2},"end":{"line":31,"column":3}},"21":{"start":{"line":30,"column":4},"end":{"line":30,"column":null}},"22":{"start":{"line":35,"column":2},"end":{"line":54,"column":null}},"23":{"start":{"line":57,"column":0},"end":{"line":57,"column":null}}},"fnMap":{"0":{"name":"(anonymous_0)","decl":{"start":{"line":14,"column":26},"end":{"line":14,"column":29}},"loc":{"start":{"line":14,"column":31},"end":{"line":55,"column":1}}},"1":{"name":"(anonymous_1)","decl":{"start":{"line":19,"column":12},"end":{"line":19,"column":15}},"loc":{"start":{"line":19,"column":17},"end":{"line":23,"column":3}}},"2":{"name":"(anonymous_2)","decl":{"start":{"line":20,"column":11},"end":{"line":20,"column":14}},"loc":{"start":{"line":20,"column":16},"end":{"line":22,"column":5}}}},"branchMap":{"0":{"loc":{"start":{"line":25,"column":2},"end":{"line":27,"column":3}},"type":"if","locations":[{"start":{"line":25,"column":2},"end":{"line":27,"column":3}}]},"1":{"loc":{"start":{"line":29,"column":2},"end":{"line":31,"column":3}},"type":"if","locations":[{"start":{"line":29,"column":2},"end":{"line":31,"column":3}}]},"2":{"loc":{"start":{"line":37,"column":7},"end":{"line":51,"column":null}},"type":"cond-expr","locations":[{"start":{"line":38,"column":8},"end":{"line":38,"column":27}},{"start":{"line":40,"column":8},"end":{"line":50,"column":null}}]},"3":{"loc":{"start":{"line":45,"column":13},"end":{"line":48,"column":null}},"type":"cond-expr","locations":[{"start":{"line":46,"column":14},"end":{"line":46,"column":26}},{"start":{"line":48,"column":14},"end":{"line":48,"column":33}}]}},"s":{"0":0,"1":0,"2":0,"3":0,"4":0,"5":0,"6":0,"7":0,"8":0,"9":0,"10":0,"11":0,"12":0,"13":0,"14":0,"15":0,"16":0,"17":0,"18":0,"19":0,"20":0,"21":0,"22":0,"23":0},"f":{"0":0,"1":0,"2":0},"b":{"0":[0],"1":[0],"2":[0,0],"3":[0,0]}}
,"C:\\Users\\ivans\\OneDrive\\Desktop\\mySocial\\client\\src\\pages\\FollowerPage\\index.tsx": {"path":"C:\\Users\\ivans\\OneDrive\\Desktop\\mySocial\\client\\src\\pages\\FollowerPage\\index.tsx","statementMap":{"0":{"start":{"line":1,"column":0},"end":{"line":1,"column":44}},"1":{"start":{"line":2,"column":0},"end":{"line":2,"column":52}},"2":{"start":{"line":3,"column":0},"end":{"line":3,"column":64}},"3":{"start":{"line":5,"column":21},"end":{"line":16,"column":1}},"4":{"start":{"line":6,"column":17},"end":{"line":6,"column":28}},"5":{"start":{"line":7,"column":19},"end":{"line":7,"column":60}},"6":{"start":{"line":9,"column":2},"end":{"line":11,"column":3}},"7":{"start":{"line":10,"column":4},"end":{"line":10,"column":null}},"8":{"start":{"line":13,"column":2},"end":{"line":15,"column":null}},"9":{"start":{"line":18,"column":0},"end":{"line":18,"column":null}}},"fnMap":{"0":{"name":"(anonymous_0)","decl":{"start":{"line":5,"column":21},"end":{"line":5,"column":24}},"loc":{"start":{"line":5,"column":26},"end":{"line":16,"column":1}}}},"branchMap":{"0":{"loc":{"start":{"line":7,"column":45},"end":{"line":7,"column":57}},"type":"cond-expr","locations":[{"start":{"line":7,"column":50},"end":{"line":7,"column":52}},{"start":{"line":7,"column":55},"end":{"line":7,"column":57}}]},"1":{"loc":{"start":{"line":9,"column":2},"end":{"line":11,"column":3}},"type":"if","locations":[{"start":{"line":9,"column":2},"end":{"line":11,"column":3}}]}},"s":{"0":0,"1":0,"2":0,"3":0,"4":0,"5":0,"6":0,"7":0,"8":0,"9":0},"f":{"0":0},"b":{"0":[0,0],"1":[0]}}
,"C:\\Users\\ivans\\OneDrive\\Desktop\\mySocial\\client\\src\\pages\\FollowingPage\\index.tsx": {"path":"C:\\Users\\ivans\\OneDrive\\Desktop\\mySocial\\client\\src\\pages\\FollowingPage\\index.tsx","statementMap":{"0":{"start":{"line":3,"column":0},"end":{"line":3,"column":44}},"1":{"start":{"line":4,"column":0},"end":{"line":4,"column":64}},"2":{"start":{"line":5,"column":0},"end":{"line":5,"column":52}},"3":{"start":{"line":7,"column":22},"end":{"line":18,"column":1}},"4":{"start":{"line":8,"column":17},"end":{"line":8,"column":28}},"5":{"start":{"line":9,"column":19},"end":{"line":9,"column":60}},"6":{"start":{"line":11,"column":2},"end":{"line":13,"column":3}},"7":{"start":{"line":12,"column":4},"end":{"line":12,"column":null}},"8":{"start":{"line":15,"column":2},"end":{"line":17,"column":null}},"9":{"start":{"line":20,"column":0},"end":{"line":20,"column":null}}},"fnMap":{"0":{"name":"(anonymous_0)","decl":{"start":{"line":7,"column":22},"end":{"line":7,"column":25}},"loc":{"start":{"line":7,"column":27},"end":{"line":18,"column":1}}}},"branchMap":{"0":{"loc":{"start":{"line":9,"column":45},"end":{"line":9,"column":57}},"type":"cond-expr","locations":[{"start":{"line":9,"column":50},"end":{"line":9,"column":52}},{"start":{"line":9,"column":55},"end":{"line":9,"column":57}}]},"1":{"loc":{"start":{"line":11,"column":2},"end":{"line":13,"column":3}},"type":"if","locations":[{"start":{"line":11,"column":2},"end":{"line":13,"column":3}}]}},"s":{"0":0,"1":0,"2":0,"3":0,"4":0,"5":0,"6":0,"7":0,"8":0,"9":0},"f":{"0":0},"b":{"0":[0,0],"1":[0]}}
,"C:\\Users\\ivans\\OneDrive\\Desktop\\mySocial\\client\\src\\pages\\HomePage\\index.tsx": {"path":"C:\\Users\\ivans\\OneDrive\\Desktop\\mySocial\\client\\src\\pages\\HomePage\\index.tsx","statementMap":{"0":{"start":{"line":2,"column":0},"end":{"line":2,"column":52}},"1":{"start":{"line":3,"column":0},"end":{"line":3,"column":50}},"2":{"start":{"line":4,"column":0},"end":{"line":4,"column":41}},"3":{"start":{"line":5,"column":0},"end":{"line":5,"column":67}},"4":{"start":{"line":7,"column":17},"end":{"line":16,"column":1}},"5":{"start":{"line":8,"column":17},"end":{"line":8,"column":49}},"6":{"start":{"line":10,"column":2},"end":{"line":15,"column":null}},"7":{"start":{"line":18,"column":0},"end":{"line":18,"column":null}}},"fnMap":{"0":{"name":"(anonymous_0)","decl":{"start":{"line":7,"column":17},"end":{"line":7,"column":20}},"loc":{"start":{"line":7,"column":22},"end":{"line":16,"column":1}}}},"branchMap":{"0":{"loc":{"start":{"line":12,"column":7},"end":{"line":12,"column":31}},"type":"binary-expr","locations":[{"start":{"line":12,"column":7},"end":{"line":12,"column":13}},{"start":{"line":12,"column":17},"end":{"line":12,"column":31}}]}},"s":{"0":0,"1":0,"2":0,"3":0,"4":0,"5":0,"6":0,"7":0},"f":{"0":0},"b":{"0":[0,0]}}
,"C:\\Users\\ivans\\OneDrive\\Desktop\\mySocial\\client\\src\\pages\\PostPage\\index.tsx": {"path":"C:\\Users\\ivans\\OneDrive\\Desktop\\mySocial\\client\\src\\pages\\PostPage\\index.tsx","statementMap":{"0":{"start":{"line":2,"column":0},"end":{"line":2,"column":65}},"1":{"start":{"line":3,"column":0},"end":{"line":3,"column":44}},"2":{"start":{"line":4,"column":0},"end":{"line":4,"column":43}},"3":{"start":{"line":5,"column":0},"end":{"line":5,"column":48}},"4":{"start":{"line":7,"column":0},"end":{"line":7,"column":58}},"5":{"start":{"line":8,"column":0},"end":{"line":8,"column":56}},"6":{"start":{"line":10,"column":17},"end":{"line":29,"column":1}},"7":{"start":{"line":11,"column":17},"end":{"line":11,"column":28}},"8":{"start":{"line":12,"column":30},"end":{"line":12,"column":71}},"9":{"start":{"line":14,"column":2},"end":{"line":16,"column":3}},"10":{"start":{"line":15,"column":4},"end":{"line":15,"column":null}},"11":{"start":{"line":18,"column":2},"end":{"line":20,"column":3}},"12":{"start":{"line":19,"column":4},"end":{"line":19,"column":null}},"13":{"start":{"line":22,"column":2},"end":{"line":28,"column":null}},"14":{"start":{"line":31,"column":0},"end":{"line":31,"column":null}}},"fnMap":{"0":{"name":"(anonymous_0)","decl":{"start":{"line":10,"column":17},"end":{"line":10,"column":20}},"loc":{"start":{"line":10,"column":22},"end":{"line":29,"column":1}}}},"branchMap":{"0":{"loc":{"start":{"line":12,"column":56},"end":{"line":12,"column":68}},"type":"cond-expr","locations":[{"start":{"line":12,"column":61},"end":{"line":12,"column":63}},{"start":{"line":12,"column":66},"end":{"line":12,"column":68}}]},"1":{"loc":{"start":{"line":14,"column":2},"end":{"line":16,"column":3}},"type":"if","locations":[{"start":{"line":14,"column":2},"end":{"line":16,"column":3}}]},"2":{"loc":{"start":{"line":18,"column":2},"end":{"line":20,"column":3}},"type":"if","locations":[{"start":{"line":18,"column":2},"end":{"line":20,"column":3}}]}},"s":{"0":0,"1":0,"2":0,"3":0,"4":0,"5":0,"6":0,"7":0,"8":0,"9":0,"10":0,"11":0,"12":0,"13":0,"14":0},"f":{"0":0},"b":{"0":[0,0],"1":[0],"2":[0]}}
,"C:\\Users\\ivans\\OneDrive\\Desktop\\mySocial\\client\\src\\pages\\ProfilePage\\index.tsx": {"path":"C:\\Users\\ivans\\OneDrive\\Desktop\\mySocial\\client\\src\\pages\\ProfilePage\\index.tsx","statementMap":{"0":{"start":{"line":1,"column":0},"end":{"line":1,"column":41}},"1":{"start":{"line":2,"column":0},"end":{"line":2,"column":49}},"2":{"start":{"line":3,"column":0},"end":{"line":3,"column":61}},"3":{"start":{"line":4,"column":0},"end":{"line":4,"column":48}},"4":{"start":{"line":5,"column":0},"end":{"line":5,"column":54}},"5":{"start":{"line":7,"column":20},"end":{"line":26,"column":1}},"6":{"start":{"line":8,"column":22},"end":{"line":8,"column":48}},"7":{"start":{"line":9,"column":52},"end":{"line":9,"column":67}},"8":{"start":{"line":10,"column":2},"end":{"line":12,"column":3}},"9":{"start":{"line":11,"column":4},"end":{"line":11,"column":null}},"10":{"start":{"line":14,"column":2},"end":{"line":25,"column":null}},"11":{"start":{"line":28,"column":0},"end":{"line":28,"column":null}}},"fnMap":{"0":{"name":"(anonymous_0)","decl":{"start":{"line":7,"column":20},"end":{"line":7,"column":23}},"loc":{"start":{"line":7,"column":25},"end":{"line":26,"column":1}}}},"branchMap":{"0":{"loc":{"start":{"line":10,"column":2},"end":{"line":12,"column":3}},"type":"if","locations":[{"start":{"line":10,"column":2},"end":{"line":12,"column":3}}]}},"s":{"0":0,"1":0,"2":0,"3":0,"4":0,"5":0,"6":0,"7":0,"8":0,"9":0,"10":0,"11":0},"f":{"0":0},"b":{"0":[0]}}
,"C:\\Users\\ivans\\OneDrive\\Desktop\\mySocial\\client\\src\\pages\\RegisterPage\\index.tsx": {"path":"C:\\Users\\ivans\\OneDrive\\Desktop\\mySocial\\client\\src\\pages\\RegisterPage\\index.tsx","statementMap":{"0":{"start":{"line":2,"column":0},"end":{"line":2,"column":48}},"1":{"start":{"line":4,"column":21},"end":{"line":11,"column":1}},"2":{"start":{"line":5,"column":2},"end":{"line":10,"column":null}},"3":{"start":{"line":13,"column":0},"end":{"line":13,"column":null}}},"fnMap":{"0":{"name":"(anonymous_0)","decl":{"start":{"line":4,"column":21},"end":{"line":4,"column":24}},"loc":{"start":{"line":4,"column":26},"end":{"line":11,"column":1}}}},"branchMap":{},"s":{"0":0,"1":0,"2":0,"3":0},"f":{"0":0},"b":{}}
,"C:\\Users\\ivans\\OneDrive\\Desktop\\mySocial\\client\\src\\pages\\UserPage\\index.tsx": {"path":"C:\\Users\\ivans\\OneDrive\\Desktop\\mySocial\\client\\src\\pages\\UserPage\\index.tsx","statementMap":{"0":{"start":{"line":2,"column":0},"end":{"line":2,"column":48}},"1":{"start":{"line":3,"column":0},"end":{"line":3,"column":64}},"2":{"start":{"line":4,"column":0},"end":{"line":4,"column":44}},"3":{"start":{"line":6,"column":17},"end":{"line":13,"column":1}},"4":{"start":{"line":7,"column":17},"end":{"line":7,"column":28}},"5":{"start":{"line":8,"column":19},"end":{"line":8,"column":60}},"6":{"start":{"line":12,"column":2},"end":{"line":12,"column":null}},"7":{"start":{"line":15,"column":0},"end":{"line":15,"column":null}}},"fnMap":{"0":{"name":"(anonymous_0)","decl":{"start":{"line":6,"column":17},"end":{"line":6,"column":20}},"loc":{"start":{"line":6,"column":22},"end":{"line":13,"column":1}}}},"branchMap":{"0":{"loc":{"start":{"line":8,"column":45},"end":{"line":8,"column":57}},"type":"cond-expr","locations":[{"start":{"line":8,"column":50},"end":{"line":8,"column":52}},{"start":{"line":8,"column":55},"end":{"line":8,"column":57}}]}},"s":{"0":0,"1":0,"2":0,"3":0,"4":0,"5":0,"6":0,"7":0},"f":{"0":0},"b":{"0":[0,0]}}
,"C:\\Users\\ivans\\OneDrive\\Desktop\\mySocial\\client\\src\\utils\\convertISOToTime.ts": {"path":"C:\\Users\\ivans\\OneDrive\\Desktop\\mySocial\\client\\src\\utils\\convertISOToTime.ts","statementMap":{"0":{"start":{"line":1,"column":0},"end":{"line":1,"column":16}},"1":{"start":{"line":2,"column":15},"end":{"line":2,"column":34}},"2":{"start":{"line":4,"column":14},"end":{"line":4,"column":29}},"3":{"start":{"line":5,"column":18},"end":{"line":5,"column":35}},"4":{"start":{"line":7,"column":15},"end":{"line":7,"column":40}},"5":{"start":{"line":8,"column":2},"end":{"line":8,"column":21}},"6":{"start":{"line":9,"column":2},"end":{"line":9,"column":29}},"7":{"start":{"line":11,"column":27},"end":{"line":11,"column":65}},"8":{"start":{"line":13,"column":2},"end":{"line":13,"column":48}}},"fnMap":{"0":{"name":"convertISOToTime","decl":{"start":{"line":1,"column":16},"end":{"line":1,"column":32}},"loc":{"start":{"line":1,"column":50},"end":{"line":14,"column":1}}}},"branchMap":{"0":{"loc":{"start":{"line":7,"column":15},"end":{"line":7,"column":40}},"type":"cond-expr","locations":[{"start":{"line":7,"column":29},"end":{"line":7,"column":33}},{"start":{"line":7,"column":36},"end":{"line":7,"column":40}}]},"1":{"loc":{"start":{"line":9,"column":10},"end":{"line":9,"column":28}},"type":"cond-expr","locations":[{"start":{"line":9,"column":18},"end":{"line":9,"column":23}},{"start":{"line":9,"column":26},"end":{"line":9,"column":28}}]},"2":{"loc":{"start":{"line":11,"column":27},"end":{"line":11,"column":65}},"type":"cond-expr","locations":[{"start":{"line":11,"column":42},"end":{"line":11,"column":55}},{"start":{"line":11,"column":58},"end":{"line":11,"column":65}}]}},"s":{"0":0,"1":0,"2":0,"3":0,"4":0,"5":0,"6":0,"7":0,"8":0},"f":{"0":0},"b":{"0":[0,0],"1":[0,0],"2":[0,0]}}
,"C:\\Users\\ivans\\OneDrive\\Desktop\\mySocial\\client\\src\\utils\\formatDateForInput.ts": {"path":"C:\\Users\\ivans\\OneDrive\\Desktop\\mySocial\\client\\src\\utils\\formatDateForInput.ts","statementMap":{"0":{"start":{"line":1,"column":34},"end":{"line":5,"column":1}},"1":{"start":{"line":2,"column":2},"end":{"line":2,"column":26}},"2":{"start":{"line":2,"column":16},"end":{"line":2,"column":26}},"3":{"start":{"line":3,"column":15},"end":{"line":3,"column":32}},"4":{"start":{"line":4,"column":2},"end":{"line":4,"column":42}},"5":{"start":{"line":1,"column":13},"end":{"line":1,"column":34}}},"fnMap":{"0":{"name":"(anonymous_0)","decl":{"start":{"line":1,"column":34},"end":{"line":1,"column":35}},"loc":{"start":{"line":1,"column":66},"end":{"line":5,"column":1}}}},"branchMap":{"0":{"loc":{"start":{"line":2,"column":2},"end":{"line":2,"column":26}},"type":"if","locations":[{"start":{"line":2,"column":2},"end":{"line":2,"column":26}}]}},"s":{"0":0,"1":0,"2":0,"3":0,"4":0,"5":0},"f":{"0":0},"b":{"0":[0]}}
,"C:\\Users\\ivans\\OneDrive\\Desktop\\mySocial\\client\\src\\utils\\hasErrorField.ts": {"path":"C:\\Users\\ivans\\OneDrive\\Desktop\\mySocial\\client\\src\\utils\\hasErrorField.ts","statementMap":{"0":{"start":{"line":1,"column":0},"end":{"line":1,"column":16}},"1":{"start":{"line":2,"column":2},"end":{"line":4,"column":null}}},"fnMap":{"0":{"name":"hasErrorField","decl":{"start":{"line":1,"column":16},"end":{"line":1,"column":29}},"loc":{"start":{"line":1,"column":42},"end":{"line":5,"column":1}}}},"branchMap":{"0":{"loc":{"start":{"line":3,"column":4},"end":{"line":3,"column":138}},"type":"binary-expr","locations":[{"start":{"line":3,"column":4},"end":{"line":3,"column":27}},{"start":{"line":3,"column":31},"end":{"line":3,"column":43}},{"start":{"line":3,"column":47},"end":{"line":3,"column":60}},{"start":{"line":3,"column":64},"end":{"line":3,"column":92}},{"start":{"line":3,"column":96},"end":{"line":3,"column":113}},{"start":{"line":3,"column":117},"end":{"line":3,"column":138}}]}},"s":{"0":9,"1":6},"f":{"0":6},"b":{"0":[6,6,6,6,6,6]}}
}
